#
# A fatal error has been detected by the Java Runtime Environment:
#
#  EXCEPTION_ACCESS_VIOLATION (0xc0000005) at pc=0x0000000000000000, pid=7676, tid=5156
#
# JRE version: Java(TM) SE Runtime Environment (8.0_71-b15) (build 1.8.0_71-b15)
# Java VM: Java HotSpot(TM) 64-Bit Server VM (25.71-b15 mixed mode windows-amd64 compressed oops)
# Problematic frame:
# C  0x0000000000000000
#
# Failed to write core dump. Minidumps are not enabled by default on client versions of Windows
#
# If you would like to submit a bug report, please visit:
#   http://bugreport.java.com/bugreport/crash.jsp
#

---------------  T H R E A D  ---------------

Current thread (0x000000001e992000):  JavaThread "container-1" [_thread_in_Java, id=5156, stack(0x0000000021930000,0x0000000021a30000)]

siginfo: ExceptionCode=0xc0000005, ExceptionInformation=0x0000000000000008 0x0000000000000000

Registers:
RAX=0x0000000000000000, RBX=0x000000001fd336d8, RCX=0x0000000083abf400, RDX=0x0000000070100001
RSP=0x0000000021a2f420, RBP=0x0000000021a2f470, RSI=0x000000001e992000, RDI=0x00000000ffffffff
R8 =0x0000000000000006, R9 =0x000000001e792eb0, R10=0x000000005f6a2190, R11=0x00000000032d1810
R12=0x0000000000000000, R13=0x0000000021a2f428, R14=0x0000000021a2f488, R15=0x000000001e992000
RIP=0x0000000000000000, EFLAGS=0x0000000000010246

Top of Stack: (sp=0x0000000021a2f420)
0x0000000021a2f420:   0000000003387b10 0000000083abf400
0x0000000021a2f430:   0000000021a2f430 000000001d0f1342
0x0000000021a2f440:   0000000021a2f488 000000001fd06ce0
0x0000000021a2f450:   0000000000000000 000000001d0f13b0
0x0000000021a2f460:   0000000021a2f428 0000000021a2f488
0x0000000021a2f470:   0000000021a2f4d0 0000000003387b10
0x0000000021a2f480:   0000000000000000 0000000082f75c40
0x0000000021a2f490:   0000000021a2f490 000000001d0f1ee5
0x0000000021a2f4a0:   0000000021a2f4f0 000000001fd06ce0
0x0000000021a2f4b0:   0000000000000000 000000001d0f1f60
0x0000000021a2f4c0:   0000000021a2f488 0000000021a2f4f0
0x0000000021a2f4d0:   0000000021a2f550 0000000003387be4
0x0000000021a2f4e0:   0000000000000000 0000000000000000
0x0000000021a2f4f0:   0000000082f75c40 0000000083d28d58
0x0000000021a2f500:   0000000000000009 0000000000000000
0x0000000021a2f510:   0000000021a2f500 0000000020556836 

Instructions: (pc=0x0000000000000000)
0xffffffffffffffe0:   


Register to memory mapping:

RAX=0x0000000000000000 is an unknown value
RBX={method} {0x000000001fd336e0} 'getResource' '()Ljava/lang/Object;' in 'redis/clients/jedis/util/Pool'
RCX=0x0000000083abf400 is an oop
redis.clients.jedis.JedisPool 
 - klass: 'redis/clients/jedis/JedisPool'
RDX=0x0000000070100001 is an unknown value
RSP=0x0000000021a2f420 is pointing into the stack for thread: 0x000000001e992000
RBP=0x0000000021a2f470 is pointing into the stack for thread: 0x000000001e992000
RSI=0x000000001e992000 is a thread
RDI=0x00000000ffffffff is an unallocated location in the heap
R8 =0x0000000000000006 is an unknown value
R9 =0x000000001e792eb0 is an unknown value
R10=0x000000005f6a2190 is an unknown value
R11=0x00000000032d1810 is an unknown value
R12=0x0000000000000000 is an unknown value
R13=0x0000000021a2f428 is pointing into the stack for thread: 0x000000001e992000
R14=0x0000000021a2f488 is pointing into the stack for thread: 0x000000001e992000
R15=0x000000001e992000 is a thread


Stack: [0x0000000021930000,0x0000000021a30000],  sp=0x0000000021a2f420,  free space=1021k
Native frames: (J=compiled Java code, j=interpreted, Vv=VM code, C=native code)


---------------  P R O C E S S  ---------------

Java Threads: ( => current thread )
=>0x000000001e992000 JavaThread "container-1" [_thread_in_Java, id=5156, stack(0x0000000021930000,0x0000000021a30000)]
  0x000000001e999000 JavaThread "http-nio-7908-Acceptor" daemon [_thread_in_native, id=10168, stack(0x0000000021830000,0x0000000021930000)]
  0x000000001e991800 JavaThread "http-nio-7908-ClientPoller" daemon [_thread_in_native, id=7852, stack(0x0000000021730000,0x0000000021830000)]
  0x000000001e998800 JavaThread "http-nio-7908-exec-10" daemon [_thread_blocked, id=11600, stack(0x0000000021630000,0x0000000021730000)]
  0x000000001e997800 JavaThread "http-nio-7908-exec-9" daemon [_thread_blocked, id=12000, stack(0x0000000021530000,0x0000000021630000)]
  0x000000001e997000 JavaThread "http-nio-7908-exec-8" daemon [_thread_blocked, id=14528, stack(0x0000000021430000,0x0000000021530000)]
  0x000000001e996000 JavaThread "http-nio-7908-exec-7" daemon [_thread_blocked, id=17924, stack(0x0000000021330000,0x0000000021430000)]
  0x000000001e98f000 JavaThread "http-nio-7908-exec-6" daemon [_thread_blocked, id=11352, stack(0x0000000021230000,0x0000000021330000)]
  0x000000001e994000 JavaThread "http-nio-7908-exec-5" daemon [_thread_blocked, id=4444, stack(0x0000000021130000,0x0000000021230000)]
  0x000000001e994800 JavaThread "http-nio-7908-exec-4" daemon [_thread_blocked, id=12948, stack(0x0000000021030000,0x0000000021130000)]
  0x000000001e993000 JavaThread "http-nio-7908-exec-3" daemon [_thread_blocked, id=16040, stack(0x0000000020f30000,0x0000000021030000)]
  0x000000001e995800 JavaThread "http-nio-7908-exec-2" daemon [_thread_blocked, id=11580, stack(0x0000000020e30000,0x0000000020f30000)]
  0x000000001e990800 JavaThread "http-nio-7908-exec-1" daemon [_thread_blocked, id=12296, stack(0x0000000020d30000,0x0000000020e30000)]
  0x000000001e98e800 JavaThread "http-nio-7908-BlockPoller" daemon [_thread_in_native, id=15300, stack(0x0000000020c30000,0x0000000020d30000)]
  0x000000001e990000 JavaThread "Live Reload Server" daemon [_thread_in_native, id=10580, stack(0x0000000020b30000,0x0000000020c30000)]
  0x000000001c00e800 JavaThread "File Watcher" daemon [_thread_blocked, id=17888, stack(0x0000000020930000,0x0000000020a30000)]
  0x000000001c00d000 JavaThread "commons-pool-EvictionTimer" daemon [_thread_blocked, id=17548, stack(0x0000000020030000,0x0000000020130000)]
  0x000000001c008800 JavaThread "RMI TCP Connection(6)-169.254.169.69" daemon [_thread_in_native, id=8424, stack(0x000000001f830000,0x000000001f930000)]
  0x000000001c00c800 JavaThread "Druid-ConnectionPool-Destroy-2036211772" daemon [_thread_blocked, id=16992, stack(0x000000001f130000,0x000000001f230000)]
  0x000000001c00e000 JavaThread "Druid-ConnectionPool-Create-2036211772" daemon [_thread_blocked, id=15028, stack(0x000000001f030000,0x000000001f130000)]
  0x000000001c009800 JavaThread "mysql-cj-abandoned-connection-cleanup" daemon [_thread_blocked, id=18104, stack(0x000000001dc60000,0x000000001dd60000)]
  0x000000001c00b800 JavaThread "container-0" [_thread_blocked, id=13024, stack(0x000000001d960000,0x000000001da60000)]
  0x000000001c00b000 JavaThread "Catalina-utility-2" [_thread_blocked, id=744, stack(0x000000001d860000,0x000000001d960000)]
  0x000000001c00a000 JavaThread "Catalina-utility-1" [_thread_blocked, id=11592, stack(0x000000001d760000,0x000000001d860000)]
  0x000000001b91c000 JavaThread "RMI TCP Connection(5)-169.254.169.69" daemon [_thread_in_native, id=16648, stack(0x000000001cd60000,0x000000001ce60000)]
  0x000000001a59f000 JavaThread "restartedMain" [_thread_blocked, id=17292, stack(0x000000001b290000,0x000000001b390000)]
  0x000000001a59e000 JavaThread "Thread-2" [_thread_blocked, id=2404, stack(0x000000001b190000,0x000000001b290000)]
  0x000000001a495000 JavaThread "RMI TCP Connection(3)-169.254.169.69" daemon [_thread_in_native, id=14660, stack(0x000000001af90000,0x000000001b090000)]
  0x000000001a494000 JavaThread "RMI Scheduler(0)" daemon [_thread_blocked, id=6364, stack(0x000000001ae90000,0x000000001af90000)]
  0x000000001a3dd800 JavaThread "RMI TCP Connection(1)-127.0.0.1" daemon [_thread_in_native, id=13140, stack(0x000000001aae0000,0x000000001abe0000)]
  0x000000001a26b000 JavaThread "RMI TCP Accept-0" daemon [_thread_in_native, id=16832, stack(0x000000001a8e0000,0x000000001a9e0000)]
  0x000000001a229000 JavaThread "RMI TCP Accept-55165" daemon [_thread_in_native, id=17308, stack(0x000000001a7e0000,0x000000001a8e0000)]
  0x000000001a220000 JavaThread "RMI TCP Accept-0" daemon [_thread_in_native, id=12048, stack(0x000000001a6e0000,0x000000001a7e0000)]
  0x0000000017e9f000 JavaThread "Service Thread" daemon [_thread_blocked, id=2536, stack(0x0000000019dc0000,0x0000000019ec0000)]
  0x000000001923a000 JavaThread "C1 CompilerThread2" daemon [_thread_blocked, id=14320, stack(0x0000000019cc0000,0x0000000019dc0000)]
  0x0000000019208000 JavaThread "C2 CompilerThread1" daemon [_thread_blocked, id=13072, stack(0x0000000019bc0000,0x0000000019cc0000)]
  0x0000000017e97000 JavaThread "C2 CompilerThread0" daemon [_thread_blocked, id=17452, stack(0x0000000019ac0000,0x0000000019bc0000)]
  0x0000000017e88000 JavaThread "JDWP Command Reader" daemon [_thread_in_native, id=18148, stack(0x00000000199c0000,0x0000000019ac0000)]
  0x0000000017e85000 JavaThread "JDWP Event Helper Thread" daemon [_thread_blocked, id=6228, stack(0x00000000198c0000,0x00000000199c0000)]
  0x0000000017e7a800 JavaThread "JDWP Transport Listener: dt_socket" daemon [_thread_blocked, id=14844, stack(0x00000000197c0000,0x00000000198c0000)]
  0x0000000017e68800 JavaThread "Attach Listener" daemon [_thread_blocked, id=15524, stack(0x00000000196a0000,0x00000000197a0000)]
  0x0000000017e67800 JavaThread "Signal Dispatcher" daemon [_thread_blocked, id=15660, stack(0x00000000195a0000,0x00000000196a0000)]
  0x000000000337d800 JavaThread "Finalizer" daemon [_thread_blocked, id=7724, stack(0x00000000190a0000,0x00000000191a0000)]
  0x0000000003375000 JavaThread "Reference Handler" daemon [_thread_blocked, id=12304, stack(0x0000000018fa0000,0x00000000190a0000)]
  0x0000000003286800 JavaThread "main" [_thread_blocked, id=2264, stack(0x00000000030a0000,0x00000000031a0000)]

Other Threads:
  0x0000000017e17800 VMThread [stack: 0x0000000018ea0000,0x0000000018fa0000] [id=12176]
  0x000000001a26e000 WatcherThread [stack: 0x000000001a9e0000,0x000000001aae0000] [id=5096]

VM state:not at safepoint (normal execution)

VM Mutex/Monitor currently owned by a thread: None

Heap:
 PSYoungGen      total 382976K, used 23768K [0x00000000d6100000, 0x00000000efb80000, 0x0000000100000000)
  eden space 365568K, 6% used [0x00000000d6100000,0x00000000d7836268,0x00000000ec600000)
  from space 17408K, 0% used [0x00000000ed700000,0x00000000ed700000,0x00000000ee800000)
  to   space 17408K, 0% used [0x00000000ec600000,0x00000000ec600000,0x00000000ed700000)
 ParOldGen       total 112128K, used 32257K [0x0000000082200000, 0x0000000088f80000, 0x00000000d6100000)
  object space 112128K, 28% used [0x0000000082200000,0x0000000084180740,0x0000000088f80000)
 Metaspace       used 56040K, capacity 59549K, committed 59952K, reserved 1101824K
  class space    used 7571K, capacity 8130K, committed 8240K, reserved 1048576K

Card table byte_map: [0x0000000012740000,0x0000000012b30000] byte_map_base: 0x000000001232f000

Marking Bits: (ParMarkBitMap*) 0x000000005f6bf600
 Begin Bits: [0x00000000131d0000, 0x0000000015148000)
 End Bits:   [0x0000000015148000, 0x00000000170c0000)

Polling page: 0x00000000031a0000

CodeCache: size=245760Kb used=11905Kb max_used=11913Kb free=233854Kb
 bounds [0x0000000003380000, 0x0000000003f30000, 0x0000000012380000]
 total_blobs=6932 nmethods=6369 adapters=482
 compilation: enabled

Compilation events (10 events):
Event: 11.225 Thread 0x000000001923a000 6422       1       sun.util.calendar.CalendarDate::getDayOfWeek (18 bytes)
Event: 11.225 Thread 0x000000001923a000 nmethod 6422 0x000000000377cf50 code [0x000000000377d0a0, 0x000000000377d1d0]
Event: 11.225 Thread 0x000000001923a000 6423       1       sun.util.calendar.Gregorian$Date::getNormalizedYear (5 bytes)
Event: 11.225 Thread 0x000000001923a000 nmethod 6423 0x000000000377cc90 code [0x000000000377cde0, 0x000000000377cef0]
Event: 11.226 Thread 0x000000001923a000 6426       1       sun.reflect.generics.parser.SignatureParser::parseSuperInterfaces (51 bytes)
Event: 11.226 Thread 0x000000001923a000 nmethod 6426 0x000000000377c390 code [0x000000000377c540, 0x000000000377c968]
Event: 11.226 Thread 0x000000001923a000 6425       1       sun.reflect.generics.parser.SignatureParser::parseClassSignature (37 bytes)
Event: 11.226 Thread 0x000000001923a000 nmethod 6425 0x000000000377bdd0 code [0x000000000377bf60, 0x000000000377c238]
Event: 11.226 Thread 0x000000001923a000 6427       1       sun.reflect.generics.tree.ClassSignature::make (11 bytes)
Event: 11.226 Thread 0x000000001923a000 nmethod 6427 0x000000000377ba90 code [0x000000000377bbe0, 0x000000000377bd50]

GC Heap History (10 events):
Event: 6.802 GC heap before
{Heap before GC invocations=11 (full 2):
 PSYoungGen      total 217600K, used 9696K [0x00000000d6100000, 0x00000000e9b00000, 0x0000000100000000)
  eden space 204288K, 0% used [0x00000000d6100000,0x00000000d6100000,0x00000000e2880000)
  from space 13312K, 72% used [0x00000000e2880000,0x00000000e31f8388,0x00000000e3580000)
  to   space 13824K, 0% used [0x00000000e8d80000,0x00000000e8d80000,0x00000000e9b00000)
 ParOldGen       total 50688K, used 10837K [0x0000000082200000, 0x0000000085380000, 0x00000000d6100000)
  object space 50688K, 21% used [0x0000000082200000,0x0000000082c954d8,0x0000000085380000)
 Metaspace       used 33506K, capacity 35341K, committed 35496K, reserved 1081344K
  class space    used 4292K, capacity 4656K, committed 4656K, reserved 1048576K
Event: 6.890 GC heap after
Heap after GC invocations=11 (full 2):
 PSYoungGen      total 217600K, used 0K [0x00000000d6100000, 0x00000000e9b00000, 0x0000000100000000)
  eden space 204288K, 0% used [0x00000000d6100000,0x00000000d6100000,0x00000000e2880000)
  from space 13312K, 0% used [0x00000000e2880000,0x00000000e2880000,0x00000000e3580000)
  to   space 13824K, 0% used [0x00000000e8d80000,0x00000000e8d80000,0x00000000e9b00000)
 ParOldGen       total 73216K, used 16117K [0x0000000082200000, 0x0000000086980000, 0x00000000d6100000)
  object space 73216K, 22% used [0x0000000082200000,0x00000000831bd770,0x0000000086980000)
 Metaspace       used 33506K, capacity 35341K, committed 35496K, reserved 1081344K
  class space    used 4292K, capacity 4656K, committed 4656K, reserved 1048576K
}
Event: 8.888 GC heap before
{Heap before GC invocations=12 (full 2):
 PSYoungGen      total 217600K, used 204288K [0x00000000d6100000, 0x00000000e9b00000, 0x0000000100000000)
  eden space 204288K, 100% used [0x00000000d6100000,0x00000000e2880000,0x00000000e2880000)
  from space 13312K, 0% used [0x00000000e2880000,0x00000000e2880000,0x00000000e3580000)
  to   space 13824K, 0% used [0x00000000e8d80000,0x00000000e8d80000,0x00000000e9b00000)
 ParOldGen       total 73216K, used 16117K [0x0000000082200000, 0x0000000086980000, 0x00000000d6100000)
  object space 73216K, 22% used [0x0000000082200000,0x00000000831bd770,0x0000000086980000)
 Metaspace       used 47531K, capacity 49673K, committed 49840K, reserved 1091584K
  class space    used 6367K, capacity 6779K, committed 6832K, reserved 1048576K
Event: 8.906 GC heap after
Heap after GC invocations=12 (full 2):
 PSYoungGen      total 288768K, used 13809K [0x00000000d6100000, 0x00000000e9b00000, 0x0000000100000000)
  eden space 274944K, 0% used [0x00000000d6100000,0x00000000d6100000,0x00000000e6d80000)
  from space 13824K, 99% used [0x00000000e8d80000,0x00000000e9afc778,0x00000000e9b00000)
  to   space 17408K, 0% used [0x00000000e7900000,0x00000000e7900000,0x00000000e8a00000)
 ParOldGen       total 73216K, used 20170K [0x0000000082200000, 0x0000000086980000, 0x00000000d6100000)
  object space 73216K, 27% used [0x0000000082200000,0x00000000835b2b58,0x0000000086980000)
 Metaspace       used 47531K, capacity 49673K, committed 49840K, reserved 1091584K
  class space    used 6367K, capacity 6779K, committed 6832K, reserved 1048576K
}
Event: 10.290 GC heap before
{Heap before GC invocations=13 (full 2):
 PSYoungGen      total 288768K, used 288753K [0x00000000d6100000, 0x00000000e9b00000, 0x0000000100000000)
  eden space 274944K, 100% used [0x00000000d6100000,0x00000000e6d80000,0x00000000e6d80000)
  from space 13824K, 99% used [0x00000000e8d80000,0x00000000e9afc778,0x00000000e9b00000)
  to   space 17408K, 0% used [0x00000000e7900000,0x00000000e7900000,0x00000000e8a00000)
 ParOldGen       total 73216K, used 20170K [0x0000000082200000, 0x0000000086980000, 0x00000000d6100000)
  object space 73216K, 27% used [0x0000000082200000,0x00000000835b2b58,0x0000000086980000)
 Metaspace       used 53180K, capacity 56185K, committed 56240K, reserved 1097728K
  class space    used 7091K, capacity 7599K, committed 7600K, reserved 1048576K
Event: 10.310 GC heap after
Heap after GC invocations=13 (full 2):
 PSYoungGen      total 304128K, used 11250K [0x00000000d6100000, 0x00000000ee800000, 0x0000000100000000)
  eden space 286720K, 0% used [0x00000000d6100000,0x00000000d6100000,0x00000000e7900000)
  from space 17408K, 64% used [0x00000000e7900000,0x00000000e83fcae8,0x00000000e8a00000)
  to   space 17408K, 0% used [0x00000000ed700000,0x00000000ed700000,0x00000000ee800000)
 ParOldGen       total 73216K, used 26894K [0x0000000082200000, 0x0000000086980000, 0x00000000d6100000)
  object space 73216K, 36% used [0x0000000082200000,0x0000000083c43bf0,0x0000000086980000)
 Metaspace       used 53180K, capacity 56185K, committed 56240K, reserved 1097728K
  class space    used 7091K, capacity 7599K, committed 7600K, reserved 1048576K
}
Event: 10.796 GC heap before
{Heap before GC invocations=14 (full 2):
 PSYoungGen      total 304128K, used 67648K [0x00000000d6100000, 0x00000000ee800000, 0x0000000100000000)
  eden space 286720K, 19% used [0x00000000d6100000,0x00000000d9813590,0x00000000e7900000)
  from space 17408K, 64% used [0x00000000e7900000,0x00000000e83fcae8,0x00000000e8a00000)
  to   space 17408K, 0% used [0x00000000ed700000,0x00000000ed700000,0x00000000ee800000)
 ParOldGen       total 73216K, used 26894K [0x0000000082200000, 0x0000000086980000, 0x00000000d6100000)
  object space 73216K, 36% used [0x0000000082200000,0x0000000083c43bf0,0x0000000086980000)
 Metaspace       used 55629K, capacity 59059K, committed 59160K, reserved 1099776K
  class space    used 7485K, capacity 8052K, committed 8112K, reserved 1048576K
Event: 10.813 GC heap after
Heap after GC invocations=14 (full 2):
 PSYoungGen      total 382976K, used 4693K [0x00000000d6100000, 0x00000000efb80000, 0x0000000100000000)
  eden space 365568K, 0% used [0x00000000d6100000,0x00000000d6100000,0x00000000ec600000)
  from space 17408K, 26% used [0x00000000ed700000,0x00000000edb95790,0x00000000ee800000)
  to   space 17408K, 0% used [0x00000000ec600000,0x00000000ec600000,0x00000000ed700000)
 ParOldGen       total 73216K, used 34631K [0x0000000082200000, 0x0000000086980000, 0x00000000d6100000)
  object space 73216K, 47% used [0x0000000082200000,0x00000000843d1d98,0x0000000086980000)
 Metaspace       used 55629K, capacity 59059K, committed 59160K, reserved 1099776K
  class space    used 7485K, capacity 8052K, committed 8112K, reserved 1048576K
}
Event: 10.813 GC heap before
{Heap before GC invocations=15 (full 3):
 PSYoungGen      total 382976K, used 4693K [0x00000000d6100000, 0x00000000efb80000, 0x0000000100000000)
  eden space 365568K, 0% used [0x00000000d6100000,0x00000000d6100000,0x00000000ec600000)
  from space 17408K, 26% used [0x00000000ed700000,0x00000000edb95790,0x00000000ee800000)
  to   space 17408K, 0% used [0x00000000ec600000,0x00000000ec600000,0x00000000ed700000)
 ParOldGen       total 73216K, used 34631K [0x0000000082200000, 0x0000000086980000, 0x00000000d6100000)
  object space 73216K, 47% used [0x0000000082200000,0x00000000843d1d98,0x0000000086980000)
 Metaspace       used 55629K, capacity 59059K, committed 59160K, reserved 1099776K
  class space    used 7485K, capacity 8052K, committed 8112K, reserved 1048576K
Event: 11.065 GC heap after
Heap after GC invocations=15 (full 3):
 PSYoungGen      total 382976K, used 0K [0x00000000d6100000, 0x00000000efb80000, 0x0000000100000000)
  eden space 365568K, 0% used [0x00000000d6100000,0x00000000d6100000,0x00000000ec600000)
  from space 17408K, 0% used [0x00000000ed700000,0x00000000ed700000,0x00000000ee800000)
  to   space 17408K, 0% used [0x00000000ec600000,0x00000000ec600000,0x00000000ed700000)
 ParOldGen       total 112128K, used 32257K [0x0000000082200000, 0x0000000088f80000, 0x00000000d6100000)
  object space 112128K, 28% used [0x0000000082200000,0x0000000084180740,0x0000000088f80000)
 Metaspace       used 55553K, capacity 58939K, committed 59160K, reserved 1099776K
  class space    used 7473K, capacity 8032K, committed 8112K, reserved 1048576K
}

Deoptimization events (0 events):
No events

Internal exceptions (10 events):
Event: 10.677 Thread 0x000000001a59f000 Exception <a 'java/lang/ArrayIndexOutOfBoundsException'> (0x00000000d8ad11d0) thrown at [C:\re\workspace\8-2-build-windows-amd64-cygwin\jdk8u71\5731\hotspot\src\share\vm\runtime\sharedRuntime.cpp, line 605]
Event: 10.728 Thread 0x000000001a59f000 Exception <a 'java/lang/IncompatibleClassChangeError': Found class java.lang.Object, but interface was expected> (0x00000000d8f59a68) thrown at [C:\re\workspace\8-2-build-windows-amd64-cygwin\jdk8u71\5731\hotspot\src\share\vm\interpreter\linkResolver.cpp, XÃÙR+ì%@
Event: 10.787 Thread 0x000000001a59f000 Exception <a 'java/lang/ArrayIndexOutOfBoundsException'> (0x00000000d93a1038) thrown at [C:\re\workspace\8-2-build-windows-amd64-cygwin\jdk8u71\5731\hotspot\src\share\vm\runtime\sharedRuntime.cpp, line 605]
Event: 10.788 Thread 0x000000001a59f000 Exception <a 'java/lang/ArrayIndexOutOfBoundsException'> (0x00000000d93a6300) thrown at [C:\re\workspace\8-2-build-windows-amd64-cygwin\jdk8u71\5731\hotspot\src\share\vm\runtime\sharedRuntime.cpp, line 605]
Event: 11.225 Thread 0x000000001a59f000 Exception <a 'java/lang/ArrayIndexOutOfBoundsException'> (0x00000000d6f5ba38) thrown at [C:\re\workspace\8-2-build-windows-amd64-cygwin\jdk8u71\5731\hotspot\src\share\vm\runtime\sharedRuntime.cpp, line 605]
Event: 11.226 Thread 0x000000001a59f000 Exception <a 'java/lang/ArrayIndexOutOfBoundsException'> (0x00000000d6f65238) thrown at [C:\re\workspace\8-2-build-windows-amd64-cygwin\jdk8u71\5731\hotspot\src\share\vm\runtime\sharedRuntime.cpp, line 605]
Event: 11.226 Thread 0x000000001a59f000 Exception <a 'java/lang/ArrayIndexOutOfBoundsException'> (0x00000000d6f678a0) thrown at [C:\re\workspace\8-2-build-windows-amd64-cygwin\jdk8u71\5731\hotspot\src\share\vm\runtime\sharedRuntime.cpp, line 605]
Event: 11.226 Thread 0x000000001a59f000 Exception <a 'java/lang/ArrayIndexOutOfBoundsException'> (0x00000000d6f69b90) thrown at [C:\re\workspace\8-2-build-windows-amd64-cygwin\jdk8u71\5731\hotspot\src\share\vm\runtime\sharedRuntime.cpp, line 605]
Event: 11.226 Thread 0x000000001a59f000 Exception <a 'java/lang/ArrayIndexOutOfBoundsException'> (0x00000000d6f6b458) thrown at [C:\re\workspace\8-2-build-windows-amd64-cygwin\jdk8u71\5731\hotspot\src\share\vm\runtime\sharedRuntime.cpp, line 605]
Event: 11.226 Thread 0x000000001a59f000 Exception <a 'java/lang/ArrayIndexOutOfBoundsException'> (0x00000000d6f6dc30) thrown at [C:\re\workspace\8-2-build-windows-amd64-cygwin\jdk8u71\5731\hotspot\src\share\vm\runtime\sharedRuntime.cpp, line 605]

Events (10 events):
Event: 11.226 Thread 0x000000001a59f000 DEOPT UNPACKING pc=0x00000000033c787f sp=0x000000001b38d408 mode 1
Event: 11.226 Thread 0x000000001a59f000 DEOPT PACKING pc=0x000000000349d1ae sp=0x000000001b38dcd0
Event: 11.226 Thread 0x000000001a59f000 DEOPT UNPACKING pc=0x00000000033c787f sp=0x000000001b38d9f8 mode 1
Event: 11.226 Thread 0x000000001a59f000 DEOPT PACKING pc=0x000000000358da09 sp=0x000000001b38d160
Event: 11.226 Thread 0x000000001a59f000 DEOPT UNPACKING pc=0x00000000033c787f sp=0x000000001b38ceb0 mode 1
Event: 11.226 Thread 0x000000001a59f000 DEOPT PACKING pc=0x00000000037b76b4 sp=0x000000001b38d1e0
Event: 11.226 Thread 0x000000001a59f000 DEOPT UNPACKING pc=0x00000000033c787f sp=0x000000001b38cf10 mode 1
Event: 11.227 Thread 0x000000001a59f000 DEOPT PACKING pc=0x00000000037b6174 sp=0x000000001b38d240
Event: 11.227 Thread 0x000000001a59f000 DEOPT UNPACKING pc=0x00000000033c787f sp=0x000000001b38d008 mode 1
Event: 11.227 Thread 0x000000001e992000 Thread added: 0x000000001e992000


Dynamic libraries:
0x00007ff6103b0000 - 0x00007ff6103e7000 	D:\soft\java\bin\java.exe
0x00007ffec11b0000 - 0x00007ffec1391000 	C:\WINDOWS\SYSTEM32\ntdll.dll
0x00007ffebf840000 - 0x00007ffebf8f1000 	C:\WINDOWS\System32\KERNEL32.DLL
0x00007ffebd860000 - 0x00007ffebdad3000 	C:\WINDOWS\System32\KERNELBASE.dll
0x00007ffebfa00000 - 0x00007ffebfaa1000 	C:\WINDOWS\System32\ADVAPI32.dll
0x00007ffebf960000 - 0x00007ffebf9fe000 	C:\WINDOWS\System32\msvcrt.dll
0x00007ffec1110000 - 0x00007ffec116b000 	C:\WINDOWS\System32\sechost.dll
0x00007ffebe800000 - 0x00007ffebe924000 	C:\WINDOWS\System32\RPCRT4.dll
0x00007ffebf5d0000 - 0x00007ffebf761000 	C:\WINDOWS\System32\USER32.dll
0x00007ffebd650000 - 0x00007ffebd670000 	C:\WINDOWS\System32\win32u.dll
0x00007ffebf170000 - 0x00007ffebf198000 	C:\WINDOWS\System32\GDI32.dll
0x00007ffebd670000 - 0x00007ffebd803000 	C:\WINDOWS\System32\gdi32full.dll
0x00007ffebe580000 - 0x00007ffebe61f000 	C:\WINDOWS\System32\msvcp_win.dll
0x00007ffebd550000 - 0x00007ffebd648000 	C:\WINDOWS\System32\ucrtbase.dll
0x00007ffeb2d00000 - 0x00007ffeb2f69000 	C:\WINDOWS\WinSxS\amd64_microsoft.windows.common-controls_6595b64144ccf1df_6.0.17134.1726_none_d3fdb88f7c924124\COMCTL32.dll
0x00007ffebe940000 - 0x00007ffebec61000 	C:\WINDOWS\System32\combase.dll
0x00007ffebdae0000 - 0x00007ffebdb59000 	C:\WINDOWS\System32\bcryptPrimitives.dll
0x00007ffebec70000 - 0x00007ffebec9d000 	C:\WINDOWS\System32\IMM32.DLL
0x000000005f740000 - 0x000000005f812000 	D:\soft\java\jre\bin\msvcr100.dll
0x000000005eeb0000 - 0x000000005f73f000 	D:\soft\java\jre\bin\server\jvm.dll
0x00007ffebe930000 - 0x00007ffebe938000 	C:\WINDOWS\System32\PSAPI.DLL
0x00007ffeb8830000 - 0x00007ffeb8839000 	C:\WINDOWS\SYSTEM32\WSOCK32.dll
0x00007ffeb2ba0000 - 0x00007ffeb2bc3000 	C:\WINDOWS\SYSTEM32\WINMM.dll
0x00007ffec10a0000 - 0x00007ffec110c000 	C:\WINDOWS\System32\WS2_32.dll
0x00007ffeb9980000 - 0x00007ffeb998a000 	C:\WINDOWS\SYSTEM32\VERSION.dll
0x00007ffeb2b70000 - 0x00007ffeb2b9a000 	C:\WINDOWS\SYSTEM32\winmmbase.dll
0x00007ffebd810000 - 0x00007ffebd859000 	C:\WINDOWS\System32\cfgmgr32.dll
0x00000000601f0000 - 0x00000000601ff000 	D:\soft\java\jre\bin\verify.dll
0x00000000601c0000 - 0x00000000601e9000 	D:\soft\java\jre\bin\java.dll
0x000000005ee70000 - 0x000000005eea5000 	D:\soft\java\jre\bin\jdwp.dll
0x00000000601b0000 - 0x00000000601b8000 	D:\soft\java\jre\bin\npt.dll
0x000000005ee50000 - 0x000000005ee66000 	D:\soft\java\jre\bin\zip.dll
0x00007ffebfab0000 - 0x00007ffec0ef5000 	C:\WINDOWS\System32\SHELL32.dll
0x00007ffebf520000 - 0x00007ffebf5c9000 	C:\WINDOWS\System32\shcore.dll
0x00007ffebddb0000 - 0x00007ffebe4c5000 	C:\WINDOWS\System32\windows.storage.dll
0x00007ffebe770000 - 0x00007ffebe7c1000 	C:\WINDOWS\System32\shlwapi.dll
0x00007ffebd530000 - 0x00007ffebd541000 	C:\WINDOWS\System32\kernel.appcore.dll
0x00007ffebd510000 - 0x00007ffebd52f000 	C:\WINDOWS\System32\profapi.dll
0x00007ffebd4c0000 - 0x00007ffebd50c000 	C:\WINDOWS\System32\powrprof.dll
0x00007ffebd4b0000 - 0x00007ffebd4ba000 	C:\WINDOWS\System32\FLTLIB.DLL
0x00000000601a0000 - 0x00000000601a9000 	D:\soft\java\jre\bin\dt_socket.dll
0x00007ffebccb0000 - 0x00007ffebcd16000 	C:\WINDOWS\system32\mswsock.dll
0x000000005ee40000 - 0x000000005ee4d000 	D:\soft\java\jre\bin\management.dll
0x000000005ee20000 - 0x000000005ee3a000 	D:\soft\java\jre\bin\net.dll
0x000000005ee00000 - 0x000000005ee11000 	D:\soft\java\jre\bin\nio.dll
0x00007ffeaed10000 - 0x00007ffeaed26000 	C:\WINDOWS\system32\napinsp.dll
0x00007ffeb1f20000 - 0x00007ffeb1f3a000 	C:\WINDOWS\system32\pnrpnsp.dll
0x00007ffeb8de0000 - 0x00007ffeb8df9000 	C:\WINDOWS\system32\NLAapi.dll
0x00007ffebca40000 - 0x00007ffebcaff000 	C:\WINDOWS\SYSTEM32\DNSAPI.dll
0x00007ffebe7d0000 - 0x00007ffebe7d8000 	C:\WINDOWS\System32\NSI.dll
0x00007ffebca00000 - 0x00007ffebca38000 	C:\WINDOWS\SYSTEM32\IPHLPAPI.DLL
0x00007ffeaed00000 - 0x00007ffeaed0e000 	C:\WINDOWS\System32\winrnr.dll
0x00007ffeb6470000 - 0x00007ffeb6485000 	C:\WINDOWS\System32\wshbth.dll
0x00007ffeb7740000 - 0x00007ffeb774a000 	C:\Windows\System32\rasadhlp.dll
0x00007ffeb7630000 - 0x00007ffeb76a2000 	C:\WINDOWS\System32\fwpuclnt.dll
0x00007ffebcf90000 - 0x00007ffebcfb5000 	C:\WINDOWS\SYSTEM32\bcrypt.dll
0x00007ffebce60000 - 0x00007ffebce77000 	C:\WINDOWS\SYSTEM32\CRYPTSP.dll
0x00007ffebc860000 - 0x00007ffebc893000 	C:\WINDOWS\system32\rsaenh.dll
0x00007ffebd3c0000 - 0x00007ffebd3e8000 	C:\WINDOWS\SYSTEM32\USERENV.dll
0x00007ffebce80000 - 0x00007ffebce8b000 	C:\WINDOWS\SYSTEM32\CRYPTBASE.dll
0x00007ffeb8180000 - 0x00007ffeb8196000 	C:\WINDOWS\SYSTEM32\dhcpcsvc6.DLL
0x00007ffeb7b30000 - 0x00007ffeb7b4a000 	C:\WINDOWS\SYSTEM32\dhcpcsvc.DLL
0x00007ffebbef0000 - 0x00007ffebc0b9000 	C:\WINDOWS\SYSTEM32\dbghelp.dll

VM Arguments:
jvm_args: -agentlib:jdwp=transport=dt_socket,address=127.0.0.1:55166,suspend=y,server=n -XX:TieredStopAtLevel=1 -Xverify:none -Dspring.output.ansi.enabled=always -Dcom.sun.management.jmxremote -Dcom.sun.management.jmxremote.port=55165 -Dcom.sun.management.jmxremote.authenticate=false -Dcom.sun.management.jmxremote.ssl=false -Dspring.liveBeansView.mbeanDomain -Dspring.application.admin.enabled=true -Dfile.encoding=UTF-8 
java_command: com.wk.platform.PlatformApplication
java_class_path (initial): D:\soft\java\jre\lib\charsets.jar;D:\soft\java\jre\lib\deploy.jar;D:\soft\java\jre\lib\ext\access-bridge-64.jar;D:\soft\java\jre\lib\ext\cldrdata.jar;D:\soft\java\jre\lib\ext\dnsns.jar;D:\soft\java\jre\lib\ext\jaccess.jar;D:\soft\java\jre\lib\ext\jfxrt.jar;D:\soft\java\jre\lib\ext\localedata.jar;D:\soft\java\jre\lib\ext\nashorn.jar;D:\soft\java\jre\lib\ext\sunec.jar;D:\soft\java\jre\lib\ext\sunjce_provider.jar;D:\soft\java\jre\lib\ext\sunmscapi.jar;D:\soft\java\jre\lib\ext\sunpkcs11.jar;D:\soft\java\jre\lib\ext\zipfs.jar;D:\soft\java\jre\lib\javaws.jar;D:\soft\java\jre\lib\jce.jar;D:\soft\java\jre\lib\jfr.jar;D:\soft\java\jre\lib\jfxswt.jar;D:\soft\java\jre\lib\jsse.jar;D:\soft\java\jre\lib\management-agent.jar;D:\soft\java\jre\lib\plugin.jar;D:\soft\java\jre\lib\resources.jar;D:\soft\java\jre\lib\rt.jar;F:\QQPCmgr\Desktop\java jar\redis\jedis-2.9.0.jar;F:\QQPCmgr\Desktop\java jar\commons-pool2-2.4.2.jar;F:\myProgram\pmsserver\platform\target\classes;E:\mvnRespo\org\springframework\boot\spring-boot-starter-web\2.3.3.RELEASE\spring-boot-starter-web-2.3.3.RELEASE.jar;E:\mvnRespo\org\springframework\boot\spring-boot-starter-json\2.3.3.RELEASE\spring-boot-starter-json-2.3.3.RELEASE.jar;E:\mvnRespo\com\fasterxml\jackson\datatype\jackson-datatype-jdk8\2.11.2\jackson-datatype-jdk8-2.11.2.jar;E:\mvnRespo\com\fasterxml\jackson\datatype\jackson-datatype-jsr310\2.11.2\jackson-datatype-jsr310-2.11.2.jar;E:\mvnRespo\com\fasterxml\jackson\module\jackson-module-parameter-names\2.11.2\jackson-module-parameter-names-2.11.2.jar;E:\mvnRespo\org\springframework\boot\spring-boot-starter-tomcat\2.3.3.RELEASE\spring-boot-starter-tomcat-2.3.3.RELEASE.jar;E:\mvnRespo\org\apache\tomcat\embed\tomcat-embed-core\9.0.37\tomcat-embed-core-9.0.37.jar;E:\mvnRespo\org\glassfish\jakarta.el\3.0.3\jakarta.el-3.0.3.jar;E:\mvnRespo\org\apache\tomcat\embed\tomcat-embed-websocket\9.0.37\tomcat-embed-websocket-9.0.37.jar;E:\mvnRespo\org\springframework\spring-web\5.2.8.RELEASE\s
Launcher Type: SUN_STANDARD

Environment Variables:
JAVA_HOME=D:\soft\java
CLASSPATH=.;E:\scala\bin;E:\scala\lib\dt.jar;E:\scala\lib\tools.jar.;
PATH=D:\soft\java\bin;D:\soft\java-jre\bin;D:\soft\python\Scripts\;D:\soft\python\;C:\Program Files (x86)\Common Files\NetSarang;D:\soft\oracle\product\11.2.0\dbhome_1\bin;C:\ProgramData\Oracle\Java\javapath;C:\WINDOWS\system32;C:\WINDOWS;C:\WINDOWS\System32\Wbem;C:\WINDOWS\System32\WindowsPowerShell\v1.0\;C:\Program Files (x86)\ATI Technologies\ATI.ACE\Core-Static;D:\soft\mysql\mysql-5.7.11-winx64\bin;D:\soft\svn\bin;D:\soft\apache-maven-3.1.0\bin;D:\php\php-7.0.5-Win32-VC14-x64\ext;D:\php\php-7.0.5-Win32-VC14-x64\session;D:\soft\nodejs\node_modules\npm;D:\soft\nodejs\node_global;F:\QQPCmgr\Desktop\gdal\release-1500-x64-gdal-2-1-3-mapserver-7-0-4\bin;D:\soft\memcached\memcached-amd64;E:\scala\bin;"E:\scala\bin;E:\scala\jre\bin;";F:\QQPCmgr\Desktop\java jar\hadoop\hadoop-2.8.2\bin;D:\soft\android\studio\bin;D:\soft\android\studio\gradle\gradle-2.14.1\bin;C:\Program Files\Git\cmd;C:\WINDOWS\System32\OpenSSH\;F:\elasticsearch-6.3.2;;D:\lua\ide\5.1;D:\lua\ide\5.1\clibs;D:\soft\nodejs\;C:\Users\zfor\AppData\Local\Microsoft\WindowsApps;;C:\Users\zfor\AppData\Local\Programs\Fiddler;C:\Users\zfor\AppData\Local\Microsoft\WindowsApps;C:\Users\zfor\AppData\Roaming\npm;D:\soft\webstorm\webstrom20202\WebStorm 2020.2\bin;
USERNAME=zfor
OS=Windows_NT
PROCESSOR_IDENTIFIER=Intel64 Family 6 Model 78 Stepping 3, GenuineIntel



---------------  S Y S T E M  ---------------

OS: Windows 10.0 , 64 bit Build 17134 (10.0.17134.1425)

CPU:total 4 (2 cores per cpu, 2 threads per core) family 6 model 78 stepping 3, cmov, cx8, fxsr, mmx, sse, sse2, sse3, ssse3, sse4.1, sse4.2, popcnt, avx, avx2, aes, clmul, erms, 3dnowpref, lzcnt, ht, tsc, tscinvbit, bmi1, bmi2, adx

Memory: 4k page, physical 8245152k(1949544k free), swap 17002304k(3829212k free)

vm_info: Java HotSpot(TM) 64-Bit Server VM (25.71-b15) for windows-amd64 JRE (1.8.0_71-b15), built on Dec 22 2015 18:15:55 by "java_re" with MS VC++ 10.0 (VS2010)

time: Thu Oct 01 11:26:52 2020
elapsed time: 11 seconds (0d 0h 0m 11s)

