#
# A fatal error has been detected by the Java Runtime Environment:
#
#  EXCEPTION_ACCESS_VIOLATION (0xc0000005) at pc=0x0000000000000000, pid=13716, tid=14076
#
# JRE version: Java(TM) SE Runtime Environment (8.0_71-b15) (build 1.8.0_71-b15)
# Java VM: Java HotSpot(TM) 64-Bit Server VM (25.71-b15 mixed mode windows-amd64 compressed oops)
# Problematic frame:
# C  0x0000000000000000
#
# Failed to write core dump. Minidumps are not enabled by default on client versions of Windows
#
# If you would like to submit a bug report, please visit:
#   http://bugreport.java.com/bugreport/crash.jsp
#

---------------  T H R E A D  ---------------

Current thread (0x000000001e8f4800):  JavaThread "container-1" [_thread_in_Java, id=14076, stack(0x0000000023a80000,0x0000000023b80000)]

siginfo: ExceptionCode=0xc0000005, ExceptionInformation=0x0000000000000008 0x0000000000000000

Registers:
RAX=0x0000000000000000, RBX=0x000000001f7cd210, RCX=0x00000000835aaaa0, RDX=0x0000000070100001
RSP=0x0000000023b7f3e0, RBP=0x0000000023b7f430, RSI=0x000000001e8f4800, RDI=0x00000000ffffffff
R8 =0x0000000000000006, R9 =0x000000001ea31570, R10=0x000000005f6a2190, R11=0x0000000002f004b0
R12=0x0000000000000000, R13=0x0000000023b7f3e8, R14=0x0000000023b7f448, R15=0x000000001e8f4800
RIP=0x0000000000000000, EFLAGS=0x0000000000010246

Top of Stack: (sp=0x0000000023b7f3e0)
0x0000000023b7f3e0:   0000000002fb7b10 00000000835aaaa0
0x0000000023b7f3f0:   0000000023b7f3f0 000000001cd355da
0x0000000023b7f400:   0000000023b7f448 000000001f79a6b8
0x0000000023b7f410:   0000000000000000 000000001cd35648
0x0000000023b7f420:   0000000023b7f3e8 0000000023b7f448
0x0000000023b7f430:   0000000023b7f490 0000000002fb7b10
0x0000000023b7f440:   0000000000000000 00000000835aa9c8
0x0000000023b7f450:   0000000023b7f450 000000001cd3617d
0x0000000023b7f460:   0000000023b7f4b0 000000001f79a6b8
0x0000000023b7f470:   0000000000000000 000000001cd361f8
0x0000000023b7f480:   0000000023b7f448 0000000023b7f4b0
0x0000000023b7f490:   0000000023b7f510 0000000002fb7be4
0x0000000023b7f4a0:   0000000000000000 0000000000000000
0x0000000023b7f4b0:   00000000835aa9c8 0000000083b7d940
0x0000000023b7f4c0:   0000000000000009 0000000000000000
0x0000000023b7f4d0:   0000000023b7f4c0 00000000200c7266 

Instructions: (pc=0x0000000000000000)
0xffffffffffffffe0:   


Register to memory mapping:

RAX=0x0000000000000000 is an unknown value
RBX={method} {0x000000001f7cd218} 'getResource' '()Ljava/lang/Object;' in 'redis/clients/jedis/util/Pool'
RCX=0x00000000835aaaa0 is an oop
redis.clients.jedis.JedisPool 
 - klass: 'redis/clients/jedis/JedisPool'
RDX=0x0000000070100001 is an unknown value
RSP=0x0000000023b7f3e0 is pointing into the stack for thread: 0x000000001e8f4800
RBP=0x0000000023b7f430 is pointing into the stack for thread: 0x000000001e8f4800
RSI=0x000000001e8f4800 is a thread
RDI=0x00000000ffffffff is an unallocated location in the heap
R8 =0x0000000000000006 is an unknown value
R9 =0x000000001ea31570 is an unknown value
R10=0x000000005f6a2190 is an unknown value
R11=0x0000000002f004b0 is an unknown value
R12=0x0000000000000000 is an unknown value
R13=0x0000000023b7f3e8 is pointing into the stack for thread: 0x000000001e8f4800
R14=0x0000000023b7f448 is pointing into the stack for thread: 0x000000001e8f4800
R15=0x000000001e8f4800 is a thread


Stack: [0x0000000023a80000,0x0000000023b80000],  sp=0x0000000023b7f3e0,  free space=1020k
Native frames: (J=compiled Java code, j=interpreted, Vv=VM code, C=native code)


---------------  P R O C E S S  ---------------

Java Threads: ( => current thread )
=>0x000000001e8f4800 JavaThread "container-1" [_thread_in_Java, id=14076, stack(0x0000000023a80000,0x0000000023b80000)]
  0x000000001e8fb800 JavaThread "http-nio-7908-Acceptor" daemon [_thread_in_native, id=17528, stack(0x0000000023980000,0x0000000023a80000)]
  0x000000001e8f7000 JavaThread "http-nio-7908-ClientPoller" daemon [_thread_in_native, id=7312, stack(0x0000000023880000,0x0000000023980000)]
  0x000000001e8f6000 JavaThread "http-nio-7908-exec-10" daemon [_thread_blocked, id=3988, stack(0x0000000023780000,0x0000000023880000)]
  0x000000001e8fa000 JavaThread "http-nio-7908-exec-9" daemon [_thread_blocked, id=15052, stack(0x0000000023680000,0x0000000023780000)]
  0x000000001e8f5800 JavaThread "http-nio-7908-exec-8" daemon [_thread_blocked, id=13444, stack(0x0000000023580000,0x0000000023680000)]
  0x000000001e8f8800 JavaThread "http-nio-7908-exec-7" daemon [_thread_blocked, id=10388, stack(0x0000000023480000,0x0000000023580000)]
  0x000000001e8f9000 JavaThread "http-nio-7908-exec-6" daemon [_thread_blocked, id=17276, stack(0x0000000023380000,0x0000000023480000)]
  0x000000001e8ee000 JavaThread "http-nio-7908-exec-5" daemon [_thread_blocked, id=9092, stack(0x0000000023280000,0x0000000023380000)]
  0x000000001e8f4000 JavaThread "http-nio-7908-exec-4" daemon [_thread_blocked, id=9812, stack(0x0000000023180000,0x0000000023280000)]
  0x000000001e8ef800 JavaThread "http-nio-7908-exec-3" daemon [_thread_blocked, id=14304, stack(0x0000000023080000,0x0000000023180000)]
  0x000000001e8ee800 JavaThread "http-nio-7908-exec-2" daemon [_thread_blocked, id=15968, stack(0x0000000022f80000,0x0000000023080000)]
  0x000000001e8f3000 JavaThread "http-nio-7908-exec-1" daemon [_thread_blocked, id=7448, stack(0x0000000022e80000,0x0000000022f80000)]
  0x000000001e8f2800 JavaThread "http-nio-7908-BlockPoller" daemon [_thread_in_native, id=10516, stack(0x0000000022d80000,0x0000000022e80000)]
  0x000000001e8f1000 JavaThread "Live Reload Server" daemon [_thread_in_native, id=5588, stack(0x0000000022c80000,0x0000000022d80000)]
  0x000000001e8f1800 JavaThread "File Watcher" daemon [_thread_blocked, id=5092, stack(0x0000000022a80000,0x0000000022b80000)]
  0x000000001e8f0000 JavaThread "commons-pool-EvictionTimer" daemon [_thread_blocked, id=15532, stack(0x0000000021980000,0x0000000021a80000)]
  0x000000001b901000 JavaThread "RMI TCP Connection(7)-169.254.169.69" daemon [_thread_in_native, id=1204, stack(0x0000000020c80000,0x0000000020d80000)]
  0x000000001b900000 JavaThread "Druid-ConnectionPool-Destroy-1021992425" daemon [_thread_blocked, id=16848, stack(0x000000001fb80000,0x000000001fc80000)]
  0x000000001b8fe800 JavaThread "Druid-ConnectionPool-Create-1021992425" daemon [_thread_blocked, id=9832, stack(0x000000001fa80000,0x000000001fb80000)]
  0x000000001b8fb800 JavaThread "mysql-cj-abandoned-connection-cleanup" daemon [_thread_blocked, id=9528, stack(0x000000001e0b0000,0x000000001e1b0000)]
  0x000000001b8fb000 JavaThread "container-0" [_thread_blocked, id=13800, stack(0x000000001deb0000,0x000000001dfb0000)]
  0x000000001b8fe000 JavaThread "Catalina-utility-2" [_thread_blocked, id=18416, stack(0x000000001ddb0000,0x000000001deb0000)]
  0x000000001b8fa000 JavaThread "Catalina-utility-1" [_thread_blocked, id=17800, stack(0x000000001dcb0000,0x000000001ddb0000)]
  0x000000001b8fd000 JavaThread "RMI TCP Connection(5)-169.254.169.69" daemon [_thread_in_native, id=16448, stack(0x000000001d8b0000,0x000000001d9b0000)]
  0x000000001a1fe000 JavaThread "restartedMain" [_thread_blocked, id=15448, stack(0x000000001b0e0000,0x000000001b1e0000)]
  0x0000000018f95800 JavaThread "Thread-5" [_thread_blocked, id=10668, stack(0x000000001afe0000,0x000000001b0e0000)]
  0x000000001a0e6800 JavaThread "RMI TCP Connection(8)-169.254.169.69" daemon [_thread_in_native, id=16664, stack(0x000000001a8e0000,0x000000001a9e0000)]
  0x000000001a0e3800 JavaThread "RMI Scheduler(0)" daemon [_thread_blocked, id=17880, stack(0x000000001a7e0000,0x000000001a8e0000)]
  0x000000001a049800 JavaThread "RMI TCP Connection(1)-127.0.0.1" daemon [_thread_in_native, id=14860, stack(0x000000001a6e0000,0x000000001a7e0000)]
  0x0000000019e80000 JavaThread "RMI TCP Accept-0" daemon [_thread_in_native, id=16756, stack(0x000000001a4e0000,0x000000001a5e0000)]
  0x0000000019e3d000 JavaThread "RMI TCP Accept-54059" daemon [_thread_in_native, id=7992, stack(0x000000001a3e0000,0x000000001a4e0000)]
  0x0000000019e06800 JavaThread "RMI TCP Accept-0" daemon [_thread_in_native, id=4444, stack(0x000000001a2e0000,0x000000001a3e0000)]
  0x0000000017add000 JavaThread "Service Thread" daemon [_thread_blocked, id=11152, stack(0x00000000199e0000,0x0000000019ae0000)]
  0x0000000018e79000 JavaThread "C1 CompilerThread2" daemon [_thread_blocked, id=11348, stack(0x00000000198e0000,0x00000000199e0000)]
  0x0000000017acb000 JavaThread "C2 CompilerThread1" daemon [_thread_blocked, id=2428, stack(0x00000000197e0000,0x00000000198e0000)]
  0x0000000017ac7000 JavaThread "C2 CompilerThread0" daemon [_thread_blocked, id=18228, stack(0x00000000196e0000,0x00000000197e0000)]
  0x0000000017ab8000 JavaThread "JDWP Command Reader" daemon [_thread_in_native, id=9680, stack(0x00000000195e0000,0x00000000196e0000)]
  0x0000000017ab4800 JavaThread "JDWP Event Helper Thread" daemon [_thread_blocked, id=17476, stack(0x00000000194e0000,0x00000000195e0000)]
  0x0000000017ab2000 JavaThread "JDWP Transport Listener: dt_socket" daemon [_thread_blocked, id=18072, stack(0x00000000193e0000,0x00000000194e0000)]
  0x0000000018e23800 JavaThread "Attach Listener" daemon [_thread_blocked, id=5760, stack(0x00000000192e0000,0x00000000193e0000)]
  0x0000000017a97000 JavaThread "Signal Dispatcher" daemon [_thread_blocked, id=11568, stack(0x00000000191e0000,0x00000000192e0000)]
  0x0000000002fa6800 JavaThread "Finalizer" daemon [_thread_blocked, id=2524, stack(0x0000000018ce0000,0x0000000018de0000)]
  0x0000000002fa3000 JavaThread "Reference Handler" daemon [_thread_blocked, id=9892, stack(0x0000000018be0000,0x0000000018ce0000)]
  0x0000000002eb7000 JavaThread "main" [_thread_blocked, id=18028, stack(0x0000000002db0000,0x0000000002eb0000)]

Other Threads:
  0x0000000017a47800 VMThread [stack: 0x0000000018ae0000,0x0000000018be0000] [id=14020]
  0x0000000019e5d800 WatcherThread [stack: 0x000000001a5e0000,0x000000001a6e0000] [id=18100]

VM state:not at safepoint (normal execution)

VM Mutex/Monitor currently owned by a thread: None

Heap:
 PSYoungGen      total 439296K, used 32127K [0x00000000d6100000, 0x00000000f4000000, 0x0000000100000000)
  eden space 420864K, 7% used [0x00000000d6100000,0x00000000d805fc08,0x00000000efc00000)
  from space 18432K, 0% used [0x00000000f0e00000,0x00000000f0e00000,0x00000000f2000000)
  to   space 18432K, 0% used [0x00000000efc00000,0x00000000efc00000,0x00000000f0e00000)
 ParOldGen       total 99328K, used 31531K [0x0000000082200000, 0x0000000088300000, 0x00000000d6100000)
  object space 99328K, 31% used [0x0000000082200000,0x00000000840caec8,0x0000000088300000)
 Metaspace       used 56242K, capacity 59770K, committed 59944K, reserved 1101824K
  class space    used 7619K, capacity 8202K, committed 8240K, reserved 1048576K

Card table byte_map: [0x0000000012370000,0x0000000012760000] byte_map_base: 0x0000000011f5f000

Marking Bits: (ParMarkBitMap*) 0x000000005f6bf600
 Begin Bits: [0x0000000012e00000, 0x0000000014d78000)
 End Bits:   [0x0000000014d78000, 0x0000000016cf0000)

Polling page: 0x0000000000ae0000

CodeCache: size=245760Kb used=12459Kb max_used=12459Kb free=233300Kb
 bounds [0x0000000002fb0000, 0x0000000003be0000, 0x0000000011fb0000]
 total_blobs=7145 nmethods=6580 adapters=484
 compilation: enabled

Compilation events (10 events):
Event: 50.704 Thread 0x0000000018e79000 6637   !   1       org.springframework.context.event.EventListenerMethodProcessor::processBean (404 bytes)
Event: 50.706 Thread 0x0000000018e79000 nmethod 6637 0x0000000003bd5890 code [0x0000000003bd5d20, 0x0000000003bd7288]
Event: 50.823 Thread 0x0000000018e79000 6643       1       java.lang.ThreadGroup::getMaxPriority (5 bytes)
Event: 50.823 Thread 0x0000000018e79000 nmethod 6643 0x0000000003bd9d50 code [0x0000000003bd9ea0, 0x0000000003bd9fb0]
Event: 50.890 Thread 0x0000000018e79000 6644       1       java.nio.Buffer::checkBounds (25 bytes)
Event: 50.890 Thread 0x0000000018e79000 nmethod 6644 0x0000000003bda010 code [0x0000000003bda180, 0x0000000003bda348]
Event: 50.898 Thread 0x0000000018e79000 6645       1       org.apache.catalina.core.DefaultInstanceManager::findLifecycleCallback (126 bytes)
Event: 50.899 Thread 0x0000000018e79000 nmethod 6645 0x0000000003bda410 code [0x0000000003bda6a0, 0x0000000003bdb0a8]
Event: 50.900 Thread 0x0000000018e79000 6646       1       java.util.GregorianCalendar::getCalendarType (3 bytes)
Event: 50.900 Thread 0x0000000018e79000 nmethod 6646 0x0000000003bdbc10 code [0x0000000003bdbd60, 0x0000000003bdbe70]

GC Heap History (10 events):
Event: 24.632 GC heap before
{Heap before GC invocations=11 (full 2):
 PSYoungGen      total 238592K, used 9701K [0x00000000d6100000, 0x00000000ec980000, 0x0000000100000000)
  eden space 224768K, 0% used [0x00000000d6100000,0x00000000d6100000,0x00000000e3c80000)
  from space 13824K, 70% used [0x00000000e3c80000,0x00000000e45f9690,0x00000000e4a00000)
  to   space 14336K, 0% used [0x00000000ebb80000,0x00000000ebb80000,0x00000000ec980000)
 ParOldGen       total 48640K, used 11054K [0x0000000082200000, 0x0000000085180000, 0x00000000d6100000)
  object space 48640K, 22% used [0x0000000082200000,0x0000000082ccbac0,0x0000000085180000)
 Metaspace       used 33418K, capacity 35292K, committed 35496K, reserved 1079296K
  class space    used 4327K, capacity 4674K, committed 4784K, reserved 1048576K
Event: 24.744 GC heap after
Heap after GC invocations=11 (full 2):
 PSYoungGen      total 238592K, used 0K [0x00000000d6100000, 0x00000000ec980000, 0x0000000100000000)
  eden space 224768K, 0% used [0x00000000d6100000,0x00000000d6100000,0x00000000e3c80000)
  from space 13824K, 0% used [0x00000000e3c80000,0x00000000e3c80000,0x00000000e4a00000)
  to   space 14336K, 0% used [0x00000000ebb80000,0x00000000ebb80000,0x00000000ec980000)
 ParOldGen       total 67072K, used 15995K [0x0000000082200000, 0x0000000086380000, 0x00000000d6100000)
  object space 67072K, 23% used [0x0000000082200000,0x000000008319eef0,0x0000000086380000)
 Metaspace       used 33418K, capacity 35292K, committed 35496K, reserved 1079296K
  class space    used 4327K, capacity 4674K, committed 4784K, reserved 1048576K
}
Event: 41.646 GC heap before
{Heap before GC invocations=12 (full 2):
 PSYoungGen      total 238592K, used 224768K [0x00000000d6100000, 0x00000000ec980000, 0x0000000100000000)
  eden space 224768K, 100% used [0x00000000d6100000,0x00000000e3c80000,0x00000000e3c80000)
  from space 13824K, 0% used [0x00000000e3c80000,0x00000000e3c80000,0x00000000e4a00000)
  to   space 14336K, 0% used [0x00000000ebb80000,0x00000000ebb80000,0x00000000ec980000)
 ParOldGen       total 67072K, used 15995K [0x0000000082200000, 0x0000000086380000, 0x00000000d6100000)
  object space 67072K, 23% used [0x0000000082200000,0x000000008319eef0,0x0000000086380000)
 Metaspace       used 47515K, capacity 49616K, committed 49832K, reserved 1091584K
  class space    used 6363K, capacity 6772K, committed 6832K, reserved 1048576K
Event: 41.664 GC heap after
Heap after GC invocations=12 (full 2):
 PSYoungGen      total 325632K, used 14328K [0x00000000d6100000, 0x00000000ec980000, 0x0000000100000000)
  eden space 311296K, 0% used [0x00000000d6100000,0x00000000d6100000,0x00000000e9100000)
  from space 14336K, 99% used [0x00000000ebb80000,0x00000000ec97e188,0x00000000ec980000)
  to   space 17408K, 0% used [0x00000000ea780000,0x00000000ea780000,0x00000000eb880000)
 ParOldGen       total 67072K, used 19555K [0x0000000082200000, 0x0000000086380000, 0x00000000d6100000)
  object space 67072K, 29% used [0x0000000082200000,0x0000000083518dd8,0x0000000086380000)
 Metaspace       used 47515K, capacity 49616K, committed 49832K, reserved 1091584K
  class space    used 6363K, capacity 6772K, committed 6832K, reserved 1048576K
}
Event: 48.667 GC heap before
{Heap before GC invocations=13 (full 2):
 PSYoungGen      total 325632K, used 325624K [0x00000000d6100000, 0x00000000ec980000, 0x0000000100000000)
  eden space 311296K, 100% used [0x00000000d6100000,0x00000000e9100000,0x00000000e9100000)
  from space 14336K, 99% used [0x00000000ebb80000,0x00000000ec97e188,0x00000000ec980000)
  to   space 17408K, 0% used [0x00000000ea780000,0x00000000ea780000,0x00000000eb880000)
 ParOldGen       total 67072K, used 19555K [0x0000000082200000, 0x0000000086380000, 0x00000000d6100000)
  object space 67072K, 29% used [0x0000000082200000,0x0000000083518dd8,0x0000000086380000)
 Metaspace       used 54100K, capacity 57324K, committed 57512K, reserved 1099776K
  class space    used 7235K, capacity 7798K, committed 7856K, reserved 1048576K
Event: 48.691 GC heap after
Heap after GC invocations=13 (full 2):
 PSYoungGen      total 351744K, used 12767K [0x00000000d6100000, 0x00000000f2000000, 0x0000000100000000)
  eden space 334336K, 0% used [0x00000000d6100000,0x00000000d6100000,0x00000000ea780000)
  from space 17408K, 73% used [0x00000000ea780000,0x00000000eb3f7c58,0x00000000eb880000)
  to   space 18432K, 0% used [0x00000000f0e00000,0x00000000f0e00000,0x00000000f2000000)
 ParOldGen       total 67072K, used 26162K [0x0000000082200000, 0x0000000086380000, 0x00000000d6100000)
  object space 67072K, 39% used [0x0000000082200000,0x0000000083b8cad0,0x0000000086380000)
 Metaspace       used 54100K, capacity 57324K, committed 57512K, reserved 1099776K
  class space    used 7235K, capacity 7798K, committed 7856K, reserved 1048576K
}
Event: 49.869 GC heap before
{Heap before GC invocations=14 (full 2):
 PSYoungGen      total 351744K, used 46729K [0x00000000d6100000, 0x00000000f2000000, 0x0000000100000000)
  eden space 334336K, 10% used [0x00000000d6100000,0x00000000d822aa60,0x00000000ea780000)
  from space 17408K, 73% used [0x00000000ea780000,0x00000000eb3f7c58,0x00000000eb880000)
  to   space 18432K, 0% used [0x00000000f0e00000,0x00000000f0e00000,0x00000000f2000000)
 ParOldGen       total 67072K, used 26162K [0x0000000082200000, 0x0000000086380000, 0x00000000d6100000)
  object space 67072K, 39% used [0x0000000082200000,0x0000000083b8cad0,0x0000000086380000)
 Metaspace       used 55580K, capacity 59040K, committed 59160K, reserved 1099776K
  class space    used 7451K, capacity 8024K, committed 8112K, reserved 1048576K
Event: 49.885 GC heap after
Heap after GC invocations=14 (full 2):
 PSYoungGen      total 439296K, used 2989K [0x00000000d6100000, 0x00000000f4000000, 0x0000000100000000)
  eden space 420864K, 0% used [0x00000000d6100000,0x00000000d6100000,0x00000000efc00000)
  from space 18432K, 16% used [0x00000000f0e00000,0x00000000f10eb4d8,0x00000000f2000000)
  to   space 18432K, 0% used [0x00000000efc00000,0x00000000efc00000,0x00000000f0e00000)
 ParOldGen       total 67072K, used 34931K [0x0000000082200000, 0x0000000086380000, 0x00000000d6100000)
  object space 67072K, 52% used [0x0000000082200000,0x000000008441cc98,0x0000000086380000)
 Metaspace       used 55580K, capacity 59040K, committed 59160K, reserved 1099776K
  class space    used 7451K, capacity 8024K, committed 8112K, reserved 1048576K
}
Event: 49.885 GC heap before
{Heap before GC invocations=15 (full 3):
 PSYoungGen      total 439296K, used 2989K [0x00000000d6100000, 0x00000000f4000000, 0x0000000100000000)
  eden space 420864K, 0% used [0x00000000d6100000,0x00000000d6100000,0x00000000efc00000)
  from space 18432K, 16% used [0x00000000f0e00000,0x00000000f10eb4d8,0x00000000f2000000)
  to   space 18432K, 0% used [0x00000000efc00000,0x00000000efc00000,0x00000000f0e00000)
 ParOldGen       total 67072K, used 34931K [0x0000000082200000, 0x0000000086380000, 0x00000000d6100000)
  object space 67072K, 52% used [0x0000000082200000,0x000000008441cc98,0x0000000086380000)
 Metaspace       used 55580K, capacity 59040K, committed 59160K, reserved 1099776K
  class space    used 7451K, capacity 8024K, committed 8112K, reserved 1048576K
Event: 50.138 GC heap after
Heap after GC invocations=15 (full 3):
 PSYoungGen      total 439296K, used 0K [0x00000000d6100000, 0x00000000f4000000, 0x0000000100000000)
  eden space 420864K, 0% used [0x00000000d6100000,0x00000000d6100000,0x00000000efc00000)
  from space 18432K, 0% used [0x00000000f0e00000,0x00000000f0e00000,0x00000000f2000000)
  to   space 18432K, 0% used [0x00000000efc00000,0x00000000efc00000,0x00000000f0e00000)
 ParOldGen       total 99328K, used 31531K [0x0000000082200000, 0x0000000088300000, 0x00000000d6100000)
  object space 99328K, 31% used [0x0000000082200000,0x00000000840caec8,0x0000000088300000)
 Metaspace       used 55504K, capacity 58920K, committed 59160K, reserved 1099776K
  class space    used 7440K, capacity 8004K, committed 8112K, reserved 1048576K
}

Deoptimization events (0 events):
No events

Internal exceptions (10 events):
Event: 50.491 Thread 0x000000001a1fe000 Exception <a 'java/lang/ArrayIndexOutOfBoundsException'> (0x00000000d6d76cf0) thrown at [C:\re\workspace\8-2-build-windows-amd64-cygwin\jdk8u71\5731\hotspot\src\share\vm\runtime\sharedRuntime.cpp, line 605]
Event: 50.491 Thread 0x000000001a1fe000 Exception <a 'java/lang/ArrayIndexOutOfBoundsException'> (0x00000000d6d79840) thrown at [C:\re\workspace\8-2-build-windows-amd64-cygwin\jdk8u71\5731\hotspot\src\share\vm\runtime\sharedRuntime.cpp, line 605]
Event: 50.491 Thread 0x000000001a1fe000 Exception <a 'java/lang/ArrayIndexOutOfBoundsException'> (0x00000000d6d7b7c0) thrown at [C:\re\workspace\8-2-build-windows-amd64-cygwin\jdk8u71\5731\hotspot\src\share\vm\runtime\sharedRuntime.cpp, line 605]
Event: 50.493 Thread 0x000000001a1fe000 Exception <a 'java/lang/ClassNotFoundException': org/springframework/beans/factory/DisposableBeanCustomizer> (0x00000000d6da3270) thrown at [C:\re\workspace\8-2-build-windows-amd64-cygwin\jdk8u71\5731\hotspot\src\share\vm\classfile\systemDictionary.cpp, liü@À[qsI@
Event: 50.902 Thread 0x000000001a1fe000 Exception <a 'java/lang/ArrayIndexOutOfBoundsException'> (0x00000000d772bf08) thrown at [C:\re\workspace\8-2-build-windows-amd64-cygwin\jdk8u71\5731\hotspot\src\share\vm\runtime\sharedRuntime.cpp, line 605]
Event: 50.902 Thread 0x000000001a1fe000 Exception <a 'java/lang/ArrayIndexOutOfBoundsException'> (0x00000000d7735740) thrown at [C:\re\workspace\8-2-build-windows-amd64-cygwin\jdk8u71\5731\hotspot\src\share\vm\runtime\sharedRuntime.cpp, line 605]
Event: 50.903 Thread 0x000000001a1fe000 Exception <a 'java/lang/ArrayIndexOutOfBoundsException'> (0x00000000d7737c80) thrown at [C:\re\workspace\8-2-build-windows-amd64-cygwin\jdk8u71\5731\hotspot\src\share\vm\runtime\sharedRuntime.cpp, line 605]
Event: 50.903 Thread 0x000000001a1fe000 Exception <a 'java/lang/ArrayIndexOutOfBoundsException'> (0x00000000d7739f70) thrown at [C:\re\workspace\8-2-build-windows-amd64-cygwin\jdk8u71\5731\hotspot\src\share\vm\runtime\sharedRuntime.cpp, line 605]
Event: 50.903 Thread 0x000000001a1fe000 Exception <a 'java/lang/ArrayIndexOutOfBoundsException'> (0x00000000d773b838) thrown at [C:\re\workspace\8-2-build-windows-amd64-cygwin\jdk8u71\5731\hotspot\src\share\vm\runtime\sharedRuntime.cpp, line 605]
Event: 50.903 Thread 0x000000001a1fe000 Exception <a 'java/lang/ArrayIndexOutOfBoundsException'> (0x00000000d773e4b8) thrown at [C:\re\workspace\8-2-build-windows-amd64-cygwin\jdk8u71\5731\hotspot\src\share\vm\runtime\sharedRuntime.cpp, line 605]

Events (10 events):
Event: 50.903 Thread 0x000000001a1fe000 DEOPT UNPACKING pc=0x0000000002ff787f sp=0x000000001b1dd0d8 mode 1
Event: 50.903 Thread 0x000000001a1fe000 DEOPT PACKING pc=0x00000000030cd56e sp=0x000000001b1dd9a0
Event: 50.903 Thread 0x000000001a1fe000 DEOPT UNPACKING pc=0x0000000002ff787f sp=0x000000001b1dd6c8 mode 1
Event: 50.904 Thread 0x000000001a1fe000 DEOPT PACKING pc=0x00000000031cc349 sp=0x000000001b1dce60
Event: 50.904 Thread 0x000000001a1fe000 DEOPT UNPACKING pc=0x0000000002ff787f sp=0x000000001b1dcbb0 mode 1
Event: 50.904 Thread 0x000000001a1fe000 DEOPT PACKING pc=0x0000000003407274 sp=0x000000001b1dcee0
Event: 50.904 Thread 0x000000001a1fe000 DEOPT UNPACKING pc=0x0000000002ff787f sp=0x000000001b1dcc10 mode 1
Event: 50.904 Thread 0x000000001a1fe000 DEOPT PACKING pc=0x0000000003405d34 sp=0x000000001b1dcf40
Event: 50.904 Thread 0x000000001a1fe000 DEOPT UNPACKING pc=0x0000000002ff787f sp=0x000000001b1dcd08 mode 1
Event: 50.904 Thread 0x000000001e8f4800 Thread added: 0x000000001e8f4800


Dynamic libraries:
0x00007ff6103b0000 - 0x00007ff6103e7000 	D:\soft\java\bin\java.exe
0x00007ffec11b0000 - 0x00007ffec1391000 	C:\WINDOWS\SYSTEM32\ntdll.dll
0x00007ffebf840000 - 0x00007ffebf8f1000 	C:\WINDOWS\System32\KERNEL32.DLL
0x00007ffebd860000 - 0x00007ffebdad3000 	C:\WINDOWS\System32\KERNELBASE.dll
0x00007ffebfa00000 - 0x00007ffebfaa1000 	C:\WINDOWS\System32\ADVAPI32.dll
0x00007ffebf960000 - 0x00007ffebf9fe000 	C:\WINDOWS\System32\msvcrt.dll
0x00007ffec1110000 - 0x00007ffec116b000 	C:\WINDOWS\System32\sechost.dll
0x00007ffebe800000 - 0x00007ffebe924000 	C:\WINDOWS\System32\RPCRT4.dll
0x00007ffebf5d0000 - 0x00007ffebf761000 	C:\WINDOWS\System32\USER32.dll
0x00007ffebd650000 - 0x00007ffebd670000 	C:\WINDOWS\System32\win32u.dll
0x00007ffebf170000 - 0x00007ffebf198000 	C:\WINDOWS\System32\GDI32.dll
0x00007ffebd670000 - 0x00007ffebd803000 	C:\WINDOWS\System32\gdi32full.dll
0x00007ffebe580000 - 0x00007ffebe61f000 	C:\WINDOWS\System32\msvcp_win.dll
0x00007ffebd550000 - 0x00007ffebd648000 	C:\WINDOWS\System32\ucrtbase.dll
0x00007ffeb2d00000 - 0x00007ffeb2f69000 	C:\WINDOWS\WinSxS\amd64_microsoft.windows.common-controls_6595b64144ccf1df_6.0.17134.1726_none_d3fdb88f7c924124\COMCTL32.dll
0x00007ffebe940000 - 0x00007ffebec61000 	C:\WINDOWS\System32\combase.dll
0x00007ffebdae0000 - 0x00007ffebdb59000 	C:\WINDOWS\System32\bcryptPrimitives.dll
0x00007ffebec70000 - 0x00007ffebec9d000 	C:\WINDOWS\System32\IMM32.DLL
0x000000005f740000 - 0x000000005f812000 	D:\soft\java\jre\bin\msvcr100.dll
0x000000005eeb0000 - 0x000000005f73f000 	D:\soft\java\jre\bin\server\jvm.dll
0x00007ffebe930000 - 0x00007ffebe938000 	C:\WINDOWS\System32\PSAPI.DLL
0x00007ffeb8830000 - 0x00007ffeb8839000 	C:\WINDOWS\SYSTEM32\WSOCK32.dll
0x00007ffec10a0000 - 0x00007ffec110c000 	C:\WINDOWS\System32\WS2_32.dll
0x00007ffeb2ba0000 - 0x00007ffeb2bc3000 	C:\WINDOWS\SYSTEM32\WINMM.dll
0x00007ffeb9980000 - 0x00007ffeb998a000 	C:\WINDOWS\SYSTEM32\VERSION.dll
0x00007ffeb2b70000 - 0x00007ffeb2b9a000 	C:\WINDOWS\SYSTEM32\WINMMBASE.dll
0x00007ffebd810000 - 0x00007ffebd859000 	C:\WINDOWS\System32\cfgmgr32.dll
0x00000000601f0000 - 0x00000000601ff000 	D:\soft\java\jre\bin\verify.dll
0x00000000601c0000 - 0x00000000601e9000 	D:\soft\java\jre\bin\java.dll
0x000000005ee70000 - 0x000000005eea5000 	D:\soft\java\jre\bin\jdwp.dll
0x000000005ee60000 - 0x000000005ee68000 	D:\soft\java\jre\bin\npt.dll
0x00000000601a0000 - 0x00000000601b6000 	D:\soft\java\jre\bin\zip.dll
0x00007ffebfab0000 - 0x00007ffec0ef5000 	C:\WINDOWS\System32\SHELL32.dll
0x00007ffebf520000 - 0x00007ffebf5c9000 	C:\WINDOWS\System32\shcore.dll
0x00007ffebddb0000 - 0x00007ffebe4c5000 	C:\WINDOWS\System32\windows.storage.dll
0x00007ffebe770000 - 0x00007ffebe7c1000 	C:\WINDOWS\System32\shlwapi.dll
0x00007ffebd530000 - 0x00007ffebd541000 	C:\WINDOWS\System32\kernel.appcore.dll
0x00007ffebd510000 - 0x00007ffebd52f000 	C:\WINDOWS\System32\profapi.dll
0x00007ffebd4c0000 - 0x00007ffebd50c000 	C:\WINDOWS\System32\powrprof.dll
0x00007ffebd4b0000 - 0x00007ffebd4ba000 	C:\WINDOWS\System32\FLTLIB.DLL
0x000000005ee50000 - 0x000000005ee59000 	D:\soft\java\jre\bin\dt_socket.dll
0x00007ffebccb0000 - 0x00007ffebcd16000 	C:\WINDOWS\system32\mswsock.dll
0x000000005ee40000 - 0x000000005ee4d000 	D:\soft\java\jre\bin\management.dll
0x000000005ee20000 - 0x000000005ee3a000 	D:\soft\java\jre\bin\net.dll
0x000000005ee00000 - 0x000000005ee11000 	D:\soft\java\jre\bin\nio.dll
0x00007ffeaed10000 - 0x00007ffeaed26000 	C:\WINDOWS\system32\napinsp.dll
0x00007ffeb1f20000 - 0x00007ffeb1f3a000 	C:\WINDOWS\system32\pnrpnsp.dll
0x00007ffeb8de0000 - 0x00007ffeb8df9000 	C:\WINDOWS\system32\NLAapi.dll
0x00007ffebca40000 - 0x00007ffebcaff000 	C:\WINDOWS\SYSTEM32\DNSAPI.dll
0x00007ffebe7d0000 - 0x00007ffebe7d8000 	C:\WINDOWS\System32\NSI.dll
0x00007ffebca00000 - 0x00007ffebca38000 	C:\WINDOWS\SYSTEM32\IPHLPAPI.DLL
0x00007ffeaed00000 - 0x00007ffeaed0e000 	C:\WINDOWS\System32\winrnr.dll
0x00007ffeb6470000 - 0x00007ffeb6485000 	C:\WINDOWS\System32\wshbth.dll
0x00007ffeb7740000 - 0x00007ffeb774a000 	C:\Windows\System32\rasadhlp.dll
0x00007ffeb7630000 - 0x00007ffeb76a2000 	C:\WINDOWS\System32\fwpuclnt.dll
0x00007ffebcf90000 - 0x00007ffebcfb5000 	C:\WINDOWS\SYSTEM32\bcrypt.dll
0x00007ffebce60000 - 0x00007ffebce77000 	C:\WINDOWS\SYSTEM32\CRYPTSP.dll
0x00007ffebc860000 - 0x00007ffebc893000 	C:\WINDOWS\system32\rsaenh.dll
0x00007ffebd3c0000 - 0x00007ffebd3e8000 	C:\WINDOWS\SYSTEM32\USERENV.dll
0x00007ffebce80000 - 0x00007ffebce8b000 	C:\WINDOWS\SYSTEM32\CRYPTBASE.dll
0x00007ffeb8180000 - 0x00007ffeb8196000 	C:\WINDOWS\SYSTEM32\dhcpcsvc6.DLL
0x00007ffeb7b30000 - 0x00007ffeb7b4a000 	C:\WINDOWS\SYSTEM32\dhcpcsvc.DLL
0x00007ffebbef0000 - 0x00007ffebc0b9000 	C:\WINDOWS\SYSTEM32\dbghelp.dll

VM Arguments:
jvm_args: -agentlib:jdwp=transport=dt_socket,address=127.0.0.1:54060,suspend=y,server=n -XX:TieredStopAtLevel=1 -Xverify:none -Dspring.output.ansi.enabled=always -Dcom.sun.management.jmxremote -Dcom.sun.management.jmxremote.port=54059 -Dcom.sun.management.jmxremote.authenticate=false -Dcom.sun.management.jmxremote.ssl=false -Dspring.liveBeansView.mbeanDomain -Dspring.application.admin.enabled=true -Dfile.encoding=UTF-8 
java_command: com.wk.platform.PlatformApplication
java_class_path (initial): D:\soft\java\jre\lib\charsets.jar;D:\soft\java\jre\lib\deploy.jar;D:\soft\java\jre\lib\ext\access-bridge-64.jar;D:\soft\java\jre\lib\ext\cldrdata.jar;D:\soft\java\jre\lib\ext\dnsns.jar;D:\soft\java\jre\lib\ext\jaccess.jar;D:\soft\java\jre\lib\ext\jfxrt.jar;D:\soft\java\jre\lib\ext\localedata.jar;D:\soft\java\jre\lib\ext\nashorn.jar;D:\soft\java\jre\lib\ext\sunec.jar;D:\soft\java\jre\lib\ext\sunjce_provider.jar;D:\soft\java\jre\lib\ext\sunmscapi.jar;D:\soft\java\jre\lib\ext\sunpkcs11.jar;D:\soft\java\jre\lib\ext\zipfs.jar;D:\soft\java\jre\lib\javaws.jar;D:\soft\java\jre\lib\jce.jar;D:\soft\java\jre\lib\jfr.jar;D:\soft\java\jre\lib\jfxswt.jar;D:\soft\java\jre\lib\jsse.jar;D:\soft\java\jre\lib\management-agent.jar;D:\soft\java\jre\lib\plugin.jar;D:\soft\java\jre\lib\resources.jar;D:\soft\java\jre\lib\rt.jar;F:\QQPCmgr\Desktop\java jar\redis\jedis-2.9.0.jar;F:\QQPCmgr\Desktop\java jar\commons-pool2-2.4.2.jar;F:\myProgram\pmsserver\platform\target\classes;E:\mvnRespo\org\springframework\boot\spring-boot-starter-web\2.3.3.RELEASE\spring-boot-starter-web-2.3.3.RELEASE.jar;E:\mvnRespo\org\springframework\boot\spring-boot-starter-json\2.3.3.RELEASE\spring-boot-starter-json-2.3.3.RELEASE.jar;E:\mvnRespo\com\fasterxml\jackson\datatype\jackson-datatype-jdk8\2.11.2\jackson-datatype-jdk8-2.11.2.jar;E:\mvnRespo\com\fasterxml\jackson\datatype\jackson-datatype-jsr310\2.11.2\jackson-datatype-jsr310-2.11.2.jar;E:\mvnRespo\com\fasterxml\jackson\module\jackson-module-parameter-names\2.11.2\jackson-module-parameter-names-2.11.2.jar;E:\mvnRespo\org\springframework\boot\spring-boot-starter-tomcat\2.3.3.RELEASE\spring-boot-starter-tomcat-2.3.3.RELEASE.jar;E:\mvnRespo\org\apache\tomcat\embed\tomcat-embed-core\9.0.37\tomcat-embed-core-9.0.37.jar;E:\mvnRespo\org\glassfish\jakarta.el\3.0.3\jakarta.el-3.0.3.jar;E:\mvnRespo\org\apache\tomcat\embed\tomcat-embed-websocket\9.0.37\tomcat-embed-websocket-9.0.37.jar;E:\mvnRespo\org\springframework\spring-web\5.2.8.RELEASE\s
Launcher Type: SUN_STANDARD

Environment Variables:
JAVA_HOME=D:\soft\java
CLASSPATH=.;E:\scala\bin;E:\scala\lib\dt.jar;E:\scala\lib\tools.jar.;
PATH=D:\soft\java\bin;D:\soft\java-jre\bin;D:\soft\python\Scripts\;D:\soft\python\;C:\Program Files (x86)\Common Files\NetSarang;D:\soft\oracle\product\11.2.0\dbhome_1\bin;C:\ProgramData\Oracle\Java\javapath;C:\WINDOWS\system32;C:\WINDOWS;C:\WINDOWS\System32\Wbem;C:\WINDOWS\System32\WindowsPowerShell\v1.0\;C:\Program Files (x86)\ATI Technologies\ATI.ACE\Core-Static;D:\soft\mysql\mysql-5.7.11-winx64\bin;D:\soft\svn\bin;D:\soft\apache-maven-3.1.0\bin;D:\php\php-7.0.5-Win32-VC14-x64\ext;D:\php\php-7.0.5-Win32-VC14-x64\session;D:\soft\nodejs\node_modules\npm;D:\soft\nodejs\node_global;F:\QQPCmgr\Desktop\gdal\release-1500-x64-gdal-2-1-3-mapserver-7-0-4\bin;D:\soft\memcached\memcached-amd64;E:\scala\bin;"E:\scala\bin;E:\scala\jre\bin;";F:\QQPCmgr\Desktop\java jar\hadoop\hadoop-2.8.2\bin;D:\soft\android\studio\bin;D:\soft\android\studio\gradle\gradle-2.14.1\bin;C:\Program Files\Git\cmd;C:\WINDOWS\System32\OpenSSH\;F:\elasticsearch-6.3.2;;D:\lua\ide\5.1;D:\lua\ide\5.1\clibs;D:\soft\nodejs\;C:\Users\zfor\AppData\Local\Microsoft\WindowsApps;;C:\Users\zfor\AppData\Local\Programs\Fiddler;C:\Users\zfor\AppData\Local\Microsoft\WindowsApps;C:\Users\zfor\AppData\Roaming\npm;D:\soft\webstorm\webstrom20202\WebStorm 2020.2\bin;
USERNAME=zfor
OS=Windows_NT
PROCESSOR_IDENTIFIER=Intel64 Family 6 Model 78 Stepping 3, GenuineIntel



---------------  S Y S T E M  ---------------

OS: Windows 10.0 , 64 bit Build 17134 (10.0.17134.1425)

CPU:total 4 (2 cores per cpu, 2 threads per core) family 6 model 78 stepping 3, cmov, cx8, fxsr, mmx, sse, sse2, sse3, ssse3, sse4.1, sse4.2, popcnt, avx, avx2, aes, clmul, erms, 3dnowpref, lzcnt, ht, tsc, tscinvbit, bmi1, bmi2, adx

Memory: 4k page, physical 8245152k(2210656k free), swap 17002304k(5325860k free)

vm_info: Java HotSpot(TM) 64-Bit Server VM (25.71-b15) for windows-amd64 JRE (1.8.0_71-b15), built on Dec 22 2015 18:15:55 by "java_re" with MS VC++ 10.0 (VS2010)

time: Thu Oct 01 10:23:39 2020
elapsed time: 51 seconds (0d 0h 0m 51s)

