#
# A fatal error has been detected by the Java Runtime Environment:
#
#  EXCEPTION_ACCESS_VIOLATION (0xc0000005) at pc=0x0000000000000000, pid=15436, tid=13696
#
# JRE version: Java(TM) SE Runtime Environment (8.0_71-b15) (build 1.8.0_71-b15)
# Java VM: Java HotSpot(TM) 64-Bit Server VM (25.71-b15 mixed mode windows-amd64 compressed oops)
# Problematic frame:
# C  0x0000000000000000
#
# Failed to write core dump. Minidumps are not enabled by default on client versions of Windows
#
# If you would like to submit a bug report, please visit:
#   http://bugreport.java.com/bugreport/crash.jsp
#

---------------  T H R E A D  ---------------

Current thread (0x000000001c2d6000):  JavaThread "container-1" [_thread_in_Java, id=13696, stack(0x0000000021d70000,0x0000000021e70000)]

siginfo: ExceptionCode=0xc0000005, ExceptionInformation=0x0000000000000008 0x0000000000000000

Registers:
RAX=0x0000000000000000, RBX=0x0000000020172dd8, RCX=0x000000008354b4e0, RDX=0x0000000070100001
RSP=0x0000000021e6f250, RBP=0x0000000021e6f2a0, RSI=0x000000001c2d6000, RDI=0x00000000ffffffff
R8 =0x0000000000000006, R9 =0x000000001f2220a0, R10=0x000000005f6a2190, R11=0x000000000364f520
R12=0x0000000000000000, R13=0x0000000021e6f258, R14=0x0000000021e6f2b8, R15=0x000000001c2d6000
RIP=0x0000000000000000, EFLAGS=0x0000000000010246

Top of Stack: (sp=0x0000000021e6f250)
0x0000000021e6f250:   0000000003707b10 000000008354b4e0
0x0000000021e6f260:   0000000021e6f260 000000001d5331aa
0x0000000021e6f270:   0000000021e6f2b8 000000002014a6c0
0x0000000021e6f280:   0000000000000000 000000001d533218
0x0000000021e6f290:   0000000021e6f258 0000000021e6f2b8
0x0000000021e6f2a0:   0000000021e6f300 0000000003707b10
0x0000000021e6f2b0:   0000000000000000 000000008354b408
0x0000000021e6f2c0:   0000000021e6f2c0 000000001d533d4d
0x0000000021e6f2d0:   0000000021e6f320 000000002014a6c0
0x0000000021e6f2e0:   0000000000000000 000000001d533dc8
0x0000000021e6f2f0:   0000000021e6f2b8 0000000021e6f320
0x0000000021e6f300:   0000000021e6f380 0000000003707be4
0x0000000021e6f310:   0000000000000000 0000000000000000
0x0000000021e6f320:   000000008354b408 00000000836f2160
0x0000000021e6f330:   0000000000000009 0000000000000000
0x0000000021e6f340:   0000000021e6f330 000000002099499e 

Instructions: (pc=0x0000000000000000)
0xffffffffffffffe0:   


Register to memory mapping:

RAX=0x0000000000000000 is an unknown value
RBX={method} {0x0000000020172de0} 'getResource' '()Ljava/lang/Object;' in 'redis/clients/jedis/util/Pool'
RCX=0x000000008354b4e0 is an oop
redis.clients.jedis.JedisPool 
 - klass: 'redis/clients/jedis/JedisPool'
RDX=0x0000000070100001 is an unknown value
RSP=0x0000000021e6f250 is pointing into the stack for thread: 0x000000001c2d6000
RBP=0x0000000021e6f2a0 is pointing into the stack for thread: 0x000000001c2d6000
RSI=0x000000001c2d6000 is a thread
RDI=0x00000000ffffffff is an unallocated location in the heap
R8 =0x0000000000000006 is an unknown value
R9 =0x000000001f2220a0 is an unknown value
R10=0x000000005f6a2190 is an unknown value
R11=0x000000000364f520 is an unknown value
R12=0x0000000000000000 is an unknown value
R13=0x0000000021e6f258 is pointing into the stack for thread: 0x000000001c2d6000
R14=0x0000000021e6f2b8 is pointing into the stack for thread: 0x000000001c2d6000
R15=0x000000001c2d6000 is a thread


Stack: [0x0000000021d70000,0x0000000021e70000],  sp=0x0000000021e6f250,  free space=1020k
Native frames: (J=compiled Java code, j=interpreted, Vv=VM code, C=native code)


---------------  P R O C E S S  ---------------

Java Threads: ( => current thread )
=>0x000000001c2d6000 JavaThread "container-1" [_thread_in_Java, id=13696, stack(0x0000000021d70000,0x0000000021e70000)]
  0x000000001c2d0800 JavaThread "http-nio-7908-Acceptor" daemon [_thread_in_native, id=12364, stack(0x0000000021c70000,0x0000000021d70000)]
  0x000000001c2d2000 JavaThread "http-nio-7908-ClientPoller" daemon [_thread_in_native, id=5152, stack(0x0000000021b70000,0x0000000021c70000)]
  0x000000001c2d3000 JavaThread "http-nio-7908-exec-10" daemon [_thread_blocked, id=17648, stack(0x0000000021a70000,0x0000000021b70000)]
  0x000000001c2d1800 JavaThread "http-nio-7908-exec-9" daemon [_thread_blocked, id=8048, stack(0x0000000021970000,0x0000000021a70000)]
  0x000000001c2d5000 JavaThread "http-nio-7908-exec-8" daemon [_thread_blocked, id=13784, stack(0x0000000021870000,0x0000000021970000)]
  0x000000001c2d0000 JavaThread "http-nio-7908-exec-7" daemon [_thread_blocked, id=8880, stack(0x0000000021770000,0x0000000021870000)]
  0x000000001c2c8000 JavaThread "http-nio-7908-exec-6" daemon [_thread_blocked, id=11732, stack(0x0000000021670000,0x0000000021770000)]
  0x000000001c2cf000 JavaThread "http-nio-7908-exec-5" daemon [_thread_blocked, id=9748, stack(0x0000000021570000,0x0000000021670000)]
  0x000000001c2cc000 JavaThread "http-nio-7908-exec-4" daemon [_thread_blocked, id=16452, stack(0x0000000021470000,0x0000000021570000)]
  0x000000001c2c7800 JavaThread "http-nio-7908-exec-3" daemon [_thread_blocked, id=11152, stack(0x0000000021370000,0x0000000021470000)]
  0x000000001c2cd800 JavaThread "http-nio-7908-exec-2" daemon [_thread_blocked, id=17276, stack(0x0000000021270000,0x0000000021370000)]
  0x000000001c2c9800 JavaThread "http-nio-7908-exec-1" daemon [_thread_blocked, id=5376, stack(0x0000000021170000,0x0000000021270000)]
  0x000000001c2cc800 JavaThread "http-nio-7908-BlockPoller" daemon [_thread_in_native, id=6364, stack(0x0000000021070000,0x0000000021170000)]
  0x000000001c2c6800 JavaThread "Live Reload Server" daemon [_thread_in_native, id=10804, stack(0x0000000020f70000,0x0000000021070000)]
  0x000000001c2cb000 JavaThread "File Watcher" daemon [_thread_blocked, id=14104, stack(0x0000000020d70000,0x0000000020e70000)]
  0x000000001c2ce800 JavaThread "commons-pool-EvictionTimer" daemon [_thread_blocked, id=4620, stack(0x0000000020470000,0x0000000020570000)]
  0x000000001c2c9000 JavaThread "RMI TCP Connection(6)-169.254.169.69" daemon [_thread_in_native, id=13464, stack(0x000000001fe70000,0x000000001ff70000)]
  0x000000001c2ca800 JavaThread "Druid-ConnectionPool-Destroy-1864587088" daemon [_thread_blocked, id=14568, stack(0x000000001e5a0000,0x000000001e6a0000)]
  0x000000001a8aa800 JavaThread "Druid-ConnectionPool-Create-1864587088" daemon [_thread_blocked, id=12760, stack(0x000000001e4a0000,0x000000001e5a0000)]
  0x000000001a8a9800 JavaThread "mysql-cj-abandoned-connection-cleanup" daemon [_thread_blocked, id=17760, stack(0x000000001e1a0000,0x000000001e2a0000)]
  0x000000001a8a8000 JavaThread "container-0" [_thread_blocked, id=7028, stack(0x000000001dea0000,0x000000001dfa0000)]
  0x000000001a8a6000 JavaThread "Catalina-utility-2" [_thread_blocked, id=17192, stack(0x000000001dda0000,0x000000001dea0000)]
  0x000000001a8a5000 JavaThread "Catalina-utility-1" [_thread_blocked, id=13572, stack(0x000000001dca0000,0x000000001dda0000)]
  0x000000001a8a7800 JavaThread "RMI TCP Connection(5)-169.254.169.69" daemon [_thread_in_native, id=16932, stack(0x000000001d6a0000,0x000000001d7a0000)]
  0x000000001a8a6800 JavaThread "restartedMain" [_thread_blocked, id=17536, stack(0x000000001c4a0000,0x000000001c5a0000)]
  0x000000001a8ab000 JavaThread "Thread-2" [_thread_blocked, id=12396, stack(0x000000001c3a0000,0x000000001c4a0000)]
  0x000000001a8a9000 JavaThread "RMI Scheduler(0)" daemon [_thread_blocked, id=11900, stack(0x000000001b2d0000,0x000000001b3d0000)]
  0x000000001a8a3800 JavaThread "RMI TCP Connection(3)-169.254.169.69" daemon [_thread_in_native, id=6416, stack(0x000000001b1d0000,0x000000001b2d0000)]
  0x000000001a5d4800 JavaThread "RMI TCP Connection(1)-127.0.0.1" daemon [_thread_in_native, id=12784, stack(0x000000001ae20000,0x000000001af20000)]
  0x000000001a5c5000 JavaThread "RMI TCP Accept-0" daemon [_thread_in_native, id=12148, stack(0x000000001ac20000,0x000000001ad20000)]
  0x000000001a582000 JavaThread "RMI TCP Accept-54623" daemon [_thread_in_native, id=1108, stack(0x000000001ab20000,0x000000001ac20000)]
  0x000000001a54c000 JavaThread "RMI TCP Accept-0" daemon [_thread_in_native, id=12520, stack(0x000000001aa20000,0x000000001ab20000)]
  0x000000001822d800 JavaThread "Service Thread" daemon [_thread_blocked, id=11416, stack(0x000000001a120000,0x000000001a220000)]
  0x0000000018228800 JavaThread "C1 CompilerThread2" daemon [_thread_blocked, id=10960, stack(0x000000001a020000,0x000000001a120000)]
  0x0000000018214000 JavaThread "C2 CompilerThread1" daemon [_thread_blocked, id=9244, stack(0x0000000019f20000,0x000000001a020000)]
  0x0000000018217000 JavaThread "C2 CompilerThread0" daemon [_thread_blocked, id=10168, stack(0x0000000019e20000,0x0000000019f20000)]
  0x0000000018208000 JavaThread "JDWP Command Reader" daemon [_thread_in_native, id=1888, stack(0x0000000019d20000,0x0000000019e20000)]
  0x0000000018204800 JavaThread "JDWP Event Helper Thread" daemon [_thread_blocked, id=11080, stack(0x0000000019c20000,0x0000000019d20000)]
  0x00000000181f9800 JavaThread "JDWP Transport Listener: dt_socket" daemon [_thread_blocked, id=12308, stack(0x0000000019b20000,0x0000000019c20000)]
  0x0000000019562800 JavaThread "Attach Listener" daemon [_thread_blocked, id=13132, stack(0x0000000019a20000,0x0000000019b20000)]
  0x00000000181e6000 JavaThread "Signal Dispatcher" daemon [_thread_blocked, id=5556, stack(0x0000000019920000,0x0000000019a20000)]
  0x00000000036fc800 JavaThread "Finalizer" daemon [_thread_blocked, id=15444, stack(0x0000000019420000,0x0000000019520000)]
  0x0000000018199000 JavaThread "Reference Handler" daemon [_thread_blocked, id=14456, stack(0x0000000019320000,0x0000000019420000)]
  0x0000000003606800 JavaThread "main" [_thread_blocked, id=11612, stack(0x0000000003500000,0x0000000003600000)]

Other Threads:
  0x0000000018196800 VMThread [stack: 0x0000000019220000,0x0000000019320000] [id=10188]
  0x000000001a595000 WatcherThread [stack: 0x000000001ad20000,0x000000001ae20000] [id=8532]

VM state:not at safepoint (normal execution)

VM Mutex/Monitor currently owned by a thread: None

Heap:
 PSYoungGen      total 303616K, used 18099K [0x00000000d6100000, 0x00000000ea180000, 0x0000000100000000)
  eden space 286720K, 6% used [0x00000000d6100000,0x00000000d72acda0,0x00000000e7900000)
  from space 16896K, 0% used [0x00000000e8a80000,0x00000000e8a80000,0x00000000e9b00000)
  to   space 17920K, 0% used [0x00000000e7900000,0x00000000e7900000,0x00000000e8a80000)
 ParOldGen       total 124928K, used 32371K [0x0000000082200000, 0x0000000089c00000, 0x00000000d6100000)
  object space 124928K, 25% used [0x0000000082200000,0x000000008419cf38,0x0000000089c00000)
 Metaspace       used 56024K, capacity 59577K, committed 59952K, reserved 1101824K
  class space    used 7578K, capacity 8162K, committed 8240K, reserved 1048576K

Card table byte_map: [0x0000000012ac0000,0x0000000012eb0000] byte_map_base: 0x00000000126af000

Marking Bits: (ParMarkBitMap*) 0x000000005f6bf600
 Begin Bits: [0x0000000013550000, 0x00000000154c8000)
 End Bits:   [0x00000000154c8000, 0x0000000017440000)

Polling page: 0x0000000001290000

CodeCache: size=245760Kb used=11998Kb max_used=11998Kb free=233761Kb
 bounds [0x0000000003700000, 0x00000000042c0000, 0x0000000012700000]
 total_blobs=6972 nmethods=6409 adapters=482
 compilation: enabled

Compilation events (10 events):
Event: 11.554 Thread 0x0000000018228800 nmethod 6455 0x0000000003afa650 code [0x0000000003afa800, 0x0000000003afaad8]
Event: 11.567 Thread 0x0000000018228800 6460       1       java.net.InetAddress::holder (5 bytes)
Event: 11.567 Thread 0x0000000018228800 nmethod 6460 0x0000000003af9d50 code [0x0000000003af9ea0, 0x0000000003af9fb0]
Event: 11.581 Thread 0x0000000018228800 6462       1       java.lang.Thread::getThreadGroup (5 bytes)
Event: 11.581 Thread 0x0000000018228800 nmethod 6462 0x0000000003af96d0 code [0x0000000003af9820, 0x0000000003af9930]
Event: 11.584 Thread 0x0000000018228800 6463       1       java.nio.Buffer::checkBounds (25 bytes)
Event: 11.584 Thread 0x0000000018228800 nmethod 6463 0x0000000003af92d0 code [0x0000000003af9440, 0x0000000003af9608]
Event: 11.590 Thread 0x0000000018228800 6464       1       org.apache.catalina.core.DefaultInstanceManager::findLifecycleCallback (126 bytes)
Event: 11.591 Thread 0x0000000018228800 nmethod 6464 0x0000000003af7ad0 code [0x0000000003af7d60, 0x0000000003af8768]
Event: 11.594 Thread 0x0000000018228800 6465       1       java.util.GregorianCalendar::computeFields (1571 bytes)

GC Heap History (10 events):
Event: 6.839 GC heap before
{Heap before GC invocations=11 (full 2):
 PSYoungGen      total 188928K, used 9732K [0x00000000d6100000, 0x00000000e6280000, 0x0000000100000000)
  eden space 175616K, 0% used [0x00000000d6100000,0x00000000d6100000,0x00000000e0c80000)
  from space 13312K, 73% used [0x00000000e0c80000,0x00000000e16010b0,0x00000000e1980000)
  to   space 13824K, 0% used [0x00000000e5500000,0x00000000e5500000,0x00000000e6280000)
 ParOldGen       total 54784K, used 10658K [0x0000000082200000, 0x0000000085780000, 0x00000000d6100000)
  object space 54784K, 19% used [0x0000000082200000,0x0000000082c689e8,0x0000000085780000)
 Metaspace       used 33505K, capacity 35345K, committed 35496K, reserved 1081344K
  class space    used 4295K, capacity 4656K, committed 4656K, reserved 1048576K
Event: 6.947 GC heap after
Heap after GC invocations=11 (full 2):
 PSYoungGen      total 188928K, used 0K [0x00000000d6100000, 0x00000000e6280000, 0x0000000100000000)
  eden space 175616K, 0% used [0x00000000d6100000,0x00000000d6100000,0x00000000e0c80000)
  from space 13312K, 0% used [0x00000000e0c80000,0x00000000e0c80000,0x00000000e1980000)
  to   space 13824K, 0% used [0x00000000e5500000,0x00000000e5500000,0x00000000e6280000)
 ParOldGen       total 82944K, used 16060K [0x0000000082200000, 0x0000000087300000, 0x00000000d6100000)
  object space 82944K, 19% used [0x0000000082200000,0x00000000831af348,0x0000000087300000)
 Metaspace       used 33505K, capacity 35345K, committed 35496K, reserved 1081344K
  class space    used 4295K, capacity 4656K, committed 4656K, reserved 1048576K
}
Event: 8.840 GC heap before
{Heap before GC invocations=12 (full 2):
 PSYoungGen      total 188928K, used 175616K [0x00000000d6100000, 0x00000000e6280000, 0x0000000100000000)
  eden space 175616K, 100% used [0x00000000d6100000,0x00000000e0c80000,0x00000000e0c80000)
  from space 13312K, 0% used [0x00000000e0c80000,0x00000000e0c80000,0x00000000e1980000)
  to   space 13824K, 0% used [0x00000000e5500000,0x00000000e5500000,0x00000000e6280000)
 ParOldGen       total 82944K, used 16060K [0x0000000082200000, 0x0000000087300000, 0x00000000d6100000)
  object space 82944K, 19% used [0x0000000082200000,0x00000000831af348,0x0000000087300000)
 Metaspace       used 46091K, capacity 48209K, committed 48560K, reserved 1091584K
  class space    used 6148K, capacity 6535K, committed 6576K, reserved 1048576K
Event: 8.859 GC heap after
Heap after GC invocations=12 (full 2):
 PSYoungGen      total 240128K, used 13803K [0x00000000d6100000, 0x00000000e6280000, 0x0000000100000000)
  eden space 226304K, 0% used [0x00000000d6100000,0x00000000d6100000,0x00000000e3e00000)
  from space 13824K, 99% used [0x00000000e5500000,0x00000000e627adc8,0x00000000e6280000)
  to   space 16384K, 0% used [0x00000000e4280000,0x00000000e4280000,0x00000000e5280000)
 ParOldGen       total 82944K, used 18211K [0x0000000082200000, 0x0000000087300000, 0x00000000d6100000)
  object space 82944K, 21% used [0x0000000082200000,0x00000000833c8e10,0x0000000087300000)
 Metaspace       used 46091K, capacity 48209K, committed 48560K, reserved 1091584K
  class space    used 6148K, capacity 6535K, committed 6576K, reserved 1048576K
}
Event: 10.280 GC heap before
{Heap before GC invocations=13 (full 2):
 PSYoungGen      total 240128K, used 240107K [0x00000000d6100000, 0x00000000e6280000, 0x0000000100000000)
  eden space 226304K, 100% used [0x00000000d6100000,0x00000000e3e00000,0x00000000e3e00000)
  from space 13824K, 99% used [0x00000000e5500000,0x00000000e627adc8,0x00000000e6280000)
  to   space 16384K, 0% used [0x00000000e4280000,0x00000000e4280000,0x00000000e5280000)
 ParOldGen       total 82944K, used 18211K [0x0000000082200000, 0x0000000087300000, 0x00000000d6100000)
  object space 82944K, 21% used [0x0000000082200000,0x00000000833c8e10,0x0000000087300000)
 Metaspace       used 52692K, capacity 55603K, committed 55728K, reserved 1097728K
  class space    used 7057K, capacity 7550K, committed 7600K, reserved 1048576K
Event: 10.300 GC heap after
Heap after GC invocations=13 (full 2):
 PSYoungGen      total 247296K, used 11289K [0x00000000d6100000, 0x00000000e9b00000, 0x0000000100000000)
  eden space 230912K, 0% used [0x00000000d6100000,0x00000000d6100000,0x00000000e4280000)
  from space 16384K, 68% used [0x00000000e4280000,0x00000000e4d86678,0x00000000e5280000)
  to   space 16896K, 0% used [0x00000000e8a80000,0x00000000e8a80000,0x00000000e9b00000)
 ParOldGen       total 82944K, used 24039K [0x0000000082200000, 0x0000000087300000, 0x00000000d6100000)
  object space 82944K, 28% used [0x0000000082200000,0x0000000083979ca0,0x0000000087300000)
 Metaspace       used 52692K, capacity 55603K, committed 55728K, reserved 1097728K
  class space    used 7057K, capacity 7550K, committed 7600K, reserved 1048576K
}
Event: 11.151 GC heap before
{Heap before GC invocations=14 (full 2):
 PSYoungGen      total 247296K, used 140457K [0x00000000d6100000, 0x00000000e9b00000, 0x0000000100000000)
  eden space 230912K, 55% used [0x00000000d6100000,0x00000000ddf23ff0,0x00000000e4280000)
  from space 16384K, 68% used [0x00000000e4280000,0x00000000e4d86678,0x00000000e5280000)
  to   space 16896K, 0% used [0x00000000e8a80000,0x00000000e8a80000,0x00000000e9b00000)
 ParOldGen       total 82944K, used 24039K [0x0000000082200000, 0x0000000087300000, 0x00000000d6100000)
  object space 82944K, 28% used [0x0000000082200000,0x0000000083979ca0,0x0000000087300000)
 Metaspace       used 55633K, capacity 59077K, committed 59160K, reserved 1099776K
  class space    used 7491K, capacity 8055K, committed 8112K, reserved 1048576K
Event: 11.170 GC heap after
Heap after GC invocations=14 (full 2):
 PSYoungGen      total 303616K, used 13369K [0x00000000d6100000, 0x00000000ea180000, 0x0000000100000000)
  eden space 286720K, 0% used [0x00000000d6100000,0x00000000d6100000,0x00000000e7900000)
  from space 16896K, 79% used [0x00000000e8a80000,0x00000000e978e440,0x00000000e9b00000)
  to   space 17920K, 0% used [0x00000000e7900000,0x00000000e7900000,0x00000000e8a80000)
 ParOldGen       total 82944K, used 24047K [0x0000000082200000, 0x0000000087300000, 0x00000000d6100000)
  object space 82944K, 28% used [0x0000000082200000,0x000000008397bca0,0x0000000087300000)
 Metaspace       used 55633K, capacity 59077K, committed 59160K, reserved 1099776K
  class space    used 7491K, capacity 8055K, committed 8112K, reserved 1048576K
}
Event: 11.170 GC heap before
{Heap before GC invocations=15 (full 3):
 PSYoungGen      total 303616K, used 13369K [0x00000000d6100000, 0x00000000ea180000, 0x0000000100000000)
  eden space 286720K, 0% used [0x00000000d6100000,0x00000000d6100000,0x00000000e7900000)
  from space 16896K, 79% used [0x00000000e8a80000,0x00000000e978e440,0x00000000e9b00000)
  to   space 17920K, 0% used [0x00000000e7900000,0x00000000e7900000,0x00000000e8a80000)
 ParOldGen       total 82944K, used 24047K [0x0000000082200000, 0x0000000087300000, 0x00000000d6100000)
  object space 82944K, 28% used [0x0000000082200000,0x000000008397bca0,0x0000000087300000)
 Metaspace       used 55633K, capacity 59077K, committed 59160K, reserved 1099776K
  class space    used 7491K, capacity 8055K, committed 8112K, reserved 1048576K
Event: 11.426 GC heap after
Heap after GC invocations=15 (full 3):
 PSYoungGen      total 303616K, used 0K [0x00000000d6100000, 0x00000000ea180000, 0x0000000100000000)
  eden space 286720K, 0% used [0x00000000d6100000,0x00000000d6100000,0x00000000e7900000)
  from space 16896K, 0% used [0x00000000e8a80000,0x00000000e8a80000,0x00000000e9b00000)
  to   space 17920K, 0% used [0x00000000e7900000,0x00000000e7900000,0x00000000e8a80000)
 ParOldGen       total 124928K, used 32371K [0x0000000082200000, 0x0000000089c00000, 0x00000000d6100000)
  object space 124928K, 25% used [0x0000000082200000,0x000000008419cf38,0x0000000089c00000)
 Metaspace       used 55558K, capacity 58957K, committed 59160K, reserved 1099776K
  class space    used 7480K, capacity 8035K, committed 8112K, reserved 1048576K
}

Deoptimization events (0 events):
No events

Internal exceptions (10 events):
Event: 11.008 Thread 0x000000001a8a6800 Exception <a 'java/lang/ArrayIndexOutOfBoundsException'> (0x00000000dd44f7a8) thrown at [C:\re\workspace\8-2-build-windows-amd64-cygwin\jdk8u71\5731\hotspot\src\share\vm\runtime\sharedRuntime.cpp, line 605]
Event: 11.078 Thread 0x000000001a8a6800 Exception <a 'java/lang/IncompatibleClassChangeError': Found class java.lang.Object, but interface was expected> (0x00000000dd8da968) thrown at [C:\re\workspace\8-2-build-windows-amd64-cygwin\jdk8u71\5731\hotspot\src\share\vm\interpreter\linkResolver.cpp, ëj"“µD&@
Event: 11.134 Thread 0x000000001a8a6800 Exception <a 'java/lang/ArrayIndexOutOfBoundsException'> (0x00000000ddd382a8) thrown at [C:\re\workspace\8-2-build-windows-amd64-cygwin\jdk8u71\5731\hotspot\src\share\vm\runtime\sharedRuntime.cpp, line 605]
Event: 11.135 Thread 0x000000001a8a6800 Exception <a 'java/lang/ArrayIndexOutOfBoundsException'> (0x00000000ddd3d570) thrown at [C:\re\workspace\8-2-build-windows-amd64-cygwin\jdk8u71\5731\hotspot\src\share\vm\runtime\sharedRuntime.cpp, line 605]
Event: 11.595 Thread 0x000000001a8a6800 Exception <a 'java/lang/ArrayIndexOutOfBoundsException'> (0x00000000d6d5d150) thrown at [C:\re\workspace\8-2-build-windows-amd64-cygwin\jdk8u71\5731\hotspot\src\share\vm\runtime\sharedRuntime.cpp, line 605]
Event: 11.596 Thread 0x000000001a8a6800 Exception <a 'java/lang/ArrayIndexOutOfBoundsException'> (0x00000000d6d66908) thrown at [C:\re\workspace\8-2-build-windows-amd64-cygwin\jdk8u71\5731\hotspot\src\share\vm\runtime\sharedRuntime.cpp, line 605]
Event: 11.596 Thread 0x000000001a8a6800 Exception <a 'java/lang/ArrayIndexOutOfBoundsException'> (0x00000000d6d69028) thrown at [C:\re\workspace\8-2-build-windows-amd64-cygwin\jdk8u71\5731\hotspot\src\share\vm\runtime\sharedRuntime.cpp, line 605]
Event: 11.596 Thread 0x000000001a8a6800 Exception <a 'java/lang/ArrayIndexOutOfBoundsException'> (0x00000000d6d6b2d0) thrown at [C:\re\workspace\8-2-build-windows-amd64-cygwin\jdk8u71\5731\hotspot\src\share\vm\runtime\sharedRuntime.cpp, line 605]
Event: 11.596 Thread 0x000000001a8a6800 Exception <a 'java/lang/ArrayIndexOutOfBoundsException'> (0x00000000d6d6cb98) thrown at [C:\re\workspace\8-2-build-windows-amd64-cygwin\jdk8u71\5731\hotspot\src\share\vm\runtime\sharedRuntime.cpp, line 605]
Event: 11.596 Thread 0x000000001a8a6800 Exception <a 'java/lang/ArrayIndexOutOfBoundsException'> (0x00000000d6d6f430) thrown at [C:\re\workspace\8-2-build-windows-amd64-cygwin\jdk8u71\5731\hotspot\src\share\vm\runtime\sharedRuntime.cpp, line 605]

Events (10 events):
Event: 11.596 Thread 0x000000001a8a6800 DEOPT UNPACKING pc=0x000000000374787f sp=0x000000001c59d648 mode 1
Event: 11.596 Thread 0x000000001a8a6800 DEOPT PACKING pc=0x000000000381dfee sp=0x000000001c59df10
Event: 11.596 Thread 0x000000001a8a6800 DEOPT UNPACKING pc=0x000000000374787f sp=0x000000001c59dc38 mode 1
Event: 11.597 Thread 0x000000001a8a6800 DEOPT PACKING pc=0x0000000003910049 sp=0x000000001c59d3a0
Event: 11.597 Thread 0x000000001a8a6800 DEOPT UNPACKING pc=0x000000000374787f sp=0x000000001c59d0f0 mode 1
Event: 11.597 Thread 0x000000001a8a6800 DEOPT PACKING pc=0x0000000003b32874 sp=0x000000001c59d420
Event: 11.597 Thread 0x000000001a8a6800 DEOPT UNPACKING pc=0x000000000374787f sp=0x000000001c59d150 mode 1
Event: 11.597 Thread 0x000000001a8a6800 DEOPT PACKING pc=0x0000000003b31334 sp=0x000000001c59d480
Event: 11.597 Thread 0x000000001a8a6800 DEOPT UNPACKING pc=0x000000000374787f sp=0x000000001c59d248 mode 1
Event: 11.597 Thread 0x000000001c2d6000 Thread added: 0x000000001c2d6000


Dynamic libraries:
0x00007ff6103b0000 - 0x00007ff6103e7000 	D:\soft\java\bin\java.exe
0x00007ffec11b0000 - 0x00007ffec1391000 	C:\WINDOWS\SYSTEM32\ntdll.dll
0x00007ffebf840000 - 0x00007ffebf8f1000 	C:\WINDOWS\System32\KERNEL32.DLL
0x00007ffebd860000 - 0x00007ffebdad3000 	C:\WINDOWS\System32\KERNELBASE.dll
0x00007ffebfa00000 - 0x00007ffebfaa1000 	C:\WINDOWS\System32\ADVAPI32.dll
0x00007ffebf960000 - 0x00007ffebf9fe000 	C:\WINDOWS\System32\msvcrt.dll
0x00007ffec1110000 - 0x00007ffec116b000 	C:\WINDOWS\System32\sechost.dll
0x00007ffebe800000 - 0x00007ffebe924000 	C:\WINDOWS\System32\RPCRT4.dll
0x00007ffebf5d0000 - 0x00007ffebf761000 	C:\WINDOWS\System32\USER32.dll
0x00007ffebd650000 - 0x00007ffebd670000 	C:\WINDOWS\System32\win32u.dll
0x00007ffebf170000 - 0x00007ffebf198000 	C:\WINDOWS\System32\GDI32.dll
0x00007ffebd670000 - 0x00007ffebd803000 	C:\WINDOWS\System32\gdi32full.dll
0x00007ffebe580000 - 0x00007ffebe61f000 	C:\WINDOWS\System32\msvcp_win.dll
0x00007ffebd550000 - 0x00007ffebd648000 	C:\WINDOWS\System32\ucrtbase.dll
0x00007ffeb2d00000 - 0x00007ffeb2f69000 	C:\WINDOWS\WinSxS\amd64_microsoft.windows.common-controls_6595b64144ccf1df_6.0.17134.1726_none_d3fdb88f7c924124\COMCTL32.dll
0x00007ffebe940000 - 0x00007ffebec61000 	C:\WINDOWS\System32\combase.dll
0x00007ffebdae0000 - 0x00007ffebdb59000 	C:\WINDOWS\System32\bcryptPrimitives.dll
0x00007ffebec70000 - 0x00007ffebec9d000 	C:\WINDOWS\System32\IMM32.DLL
0x000000005f740000 - 0x000000005f812000 	D:\soft\java\jre\bin\msvcr100.dll
0x000000005eeb0000 - 0x000000005f73f000 	D:\soft\java\jre\bin\server\jvm.dll
0x00007ffebe930000 - 0x00007ffebe938000 	C:\WINDOWS\System32\PSAPI.DLL
0x00007ffeb8830000 - 0x00007ffeb8839000 	C:\WINDOWS\SYSTEM32\WSOCK32.dll
0x00007ffec10a0000 - 0x00007ffec110c000 	C:\WINDOWS\System32\WS2_32.dll
0x00007ffeb2ba0000 - 0x00007ffeb2bc3000 	C:\WINDOWS\SYSTEM32\WINMM.dll
0x00007ffeb9980000 - 0x00007ffeb998a000 	C:\WINDOWS\SYSTEM32\VERSION.dll
0x00007ffeb2b70000 - 0x00007ffeb2b9a000 	C:\WINDOWS\SYSTEM32\WINMMBASE.dll
0x00007ffebd810000 - 0x00007ffebd859000 	C:\WINDOWS\System32\cfgmgr32.dll
0x00000000601f0000 - 0x00000000601ff000 	D:\soft\java\jre\bin\verify.dll
0x00000000601c0000 - 0x00000000601e9000 	D:\soft\java\jre\bin\java.dll
0x000000005ee70000 - 0x000000005eea5000 	D:\soft\java\jre\bin\jdwp.dll
0x00000000601b0000 - 0x00000000601b8000 	D:\soft\java\jre\bin\npt.dll
0x000000005ee50000 - 0x000000005ee66000 	D:\soft\java\jre\bin\zip.dll
0x00007ffebfab0000 - 0x00007ffec0ef5000 	C:\WINDOWS\System32\SHELL32.dll
0x00007ffebf520000 - 0x00007ffebf5c9000 	C:\WINDOWS\System32\shcore.dll
0x00007ffebddb0000 - 0x00007ffebe4c5000 	C:\WINDOWS\System32\windows.storage.dll
0x00007ffebe770000 - 0x00007ffebe7c1000 	C:\WINDOWS\System32\shlwapi.dll
0x00007ffebd530000 - 0x00007ffebd541000 	C:\WINDOWS\System32\kernel.appcore.dll
0x00007ffebd510000 - 0x00007ffebd52f000 	C:\WINDOWS\System32\profapi.dll
0x00007ffebd4c0000 - 0x00007ffebd50c000 	C:\WINDOWS\System32\powrprof.dll
0x00007ffebd4b0000 - 0x00007ffebd4ba000 	C:\WINDOWS\System32\FLTLIB.DLL
0x00000000601a0000 - 0x00000000601a9000 	D:\soft\java\jre\bin\dt_socket.dll
0x00007ffebccb0000 - 0x00007ffebcd16000 	C:\WINDOWS\system32\mswsock.dll
0x000000005ee40000 - 0x000000005ee4d000 	D:\soft\java\jre\bin\management.dll
0x000000005ee20000 - 0x000000005ee3a000 	D:\soft\java\jre\bin\net.dll
0x000000005ee00000 - 0x000000005ee11000 	D:\soft\java\jre\bin\nio.dll
0x00007ffeaed10000 - 0x00007ffeaed26000 	C:\WINDOWS\system32\napinsp.dll
0x00007ffeb1f20000 - 0x00007ffeb1f3a000 	C:\WINDOWS\system32\pnrpnsp.dll
0x00007ffeb8de0000 - 0x00007ffeb8df9000 	C:\WINDOWS\system32\NLAapi.dll
0x00007ffebca40000 - 0x00007ffebcaff000 	C:\WINDOWS\SYSTEM32\DNSAPI.dll
0x00007ffebe7d0000 - 0x00007ffebe7d8000 	C:\WINDOWS\System32\NSI.dll
0x00007ffebca00000 - 0x00007ffebca38000 	C:\WINDOWS\SYSTEM32\IPHLPAPI.DLL
0x00007ffeaed00000 - 0x00007ffeaed0e000 	C:\WINDOWS\System32\winrnr.dll
0x00007ffeb6470000 - 0x00007ffeb6485000 	C:\WINDOWS\System32\wshbth.dll
0x00007ffeb7740000 - 0x00007ffeb774a000 	C:\Windows\System32\rasadhlp.dll
0x00007ffeb7630000 - 0x00007ffeb76a2000 	C:\WINDOWS\System32\fwpuclnt.dll
0x00007ffebcf90000 - 0x00007ffebcfb5000 	C:\WINDOWS\SYSTEM32\bcrypt.dll
0x00007ffebce60000 - 0x00007ffebce77000 	C:\WINDOWS\SYSTEM32\CRYPTSP.dll
0x00007ffebc860000 - 0x00007ffebc893000 	C:\WINDOWS\system32\rsaenh.dll
0x00007ffebd3c0000 - 0x00007ffebd3e8000 	C:\WINDOWS\SYSTEM32\USERENV.dll
0x00007ffebce80000 - 0x00007ffebce8b000 	C:\WINDOWS\SYSTEM32\CRYPTBASE.dll
0x00007ffeb8180000 - 0x00007ffeb8196000 	C:\WINDOWS\SYSTEM32\dhcpcsvc6.DLL
0x00007ffeb7b30000 - 0x00007ffeb7b4a000 	C:\WINDOWS\SYSTEM32\dhcpcsvc.DLL
0x00007ffebbef0000 - 0x00007ffebc0b9000 	C:\WINDOWS\SYSTEM32\dbghelp.dll

VM Arguments:
jvm_args: -agentlib:jdwp=transport=dt_socket,address=127.0.0.1:54624,suspend=y,server=n -XX:TieredStopAtLevel=1 -Xverify:none -Dspring.output.ansi.enabled=always -Dcom.sun.management.jmxremote -Dcom.sun.management.jmxremote.port=54623 -Dcom.sun.management.jmxremote.authenticate=false -Dcom.sun.management.jmxremote.ssl=false -Dspring.liveBeansView.mbeanDomain -Dspring.application.admin.enabled=true -Dfile.encoding=UTF-8 
java_command: com.wk.platform.PlatformApplication
java_class_path (initial): D:\soft\java\jre\lib\charsets.jar;D:\soft\java\jre\lib\deploy.jar;D:\soft\java\jre\lib\ext\access-bridge-64.jar;D:\soft\java\jre\lib\ext\cldrdata.jar;D:\soft\java\jre\lib\ext\dnsns.jar;D:\soft\java\jre\lib\ext\jaccess.jar;D:\soft\java\jre\lib\ext\jfxrt.jar;D:\soft\java\jre\lib\ext\localedata.jar;D:\soft\java\jre\lib\ext\nashorn.jar;D:\soft\java\jre\lib\ext\sunec.jar;D:\soft\java\jre\lib\ext\sunjce_provider.jar;D:\soft\java\jre\lib\ext\sunmscapi.jar;D:\soft\java\jre\lib\ext\sunpkcs11.jar;D:\soft\java\jre\lib\ext\zipfs.jar;D:\soft\java\jre\lib\javaws.jar;D:\soft\java\jre\lib\jce.jar;D:\soft\java\jre\lib\jfr.jar;D:\soft\java\jre\lib\jfxswt.jar;D:\soft\java\jre\lib\jsse.jar;D:\soft\java\jre\lib\management-agent.jar;D:\soft\java\jre\lib\plugin.jar;D:\soft\java\jre\lib\resources.jar;D:\soft\java\jre\lib\rt.jar;F:\QQPCmgr\Desktop\java jar\redis\jedis-2.9.0.jar;F:\QQPCmgr\Desktop\java jar\commons-pool2-2.4.2.jar;F:\myProgram\pmsserver\platform\target\classes;E:\mvnRespo\org\springframework\boot\spring-boot-starter-web\2.3.3.RELEASE\spring-boot-starter-web-2.3.3.RELEASE.jar;E:\mvnRespo\org\springframework\boot\spring-boot-starter-json\2.3.3.RELEASE\spring-boot-starter-json-2.3.3.RELEASE.jar;E:\mvnRespo\com\fasterxml\jackson\datatype\jackson-datatype-jdk8\2.11.2\jackson-datatype-jdk8-2.11.2.jar;E:\mvnRespo\com\fasterxml\jackson\datatype\jackson-datatype-jsr310\2.11.2\jackson-datatype-jsr310-2.11.2.jar;E:\mvnRespo\com\fasterxml\jackson\module\jackson-module-parameter-names\2.11.2\jackson-module-parameter-names-2.11.2.jar;E:\mvnRespo\org\springframework\boot\spring-boot-starter-tomcat\2.3.3.RELEASE\spring-boot-starter-tomcat-2.3.3.RELEASE.jar;E:\mvnRespo\org\apache\tomcat\embed\tomcat-embed-core\9.0.37\tomcat-embed-core-9.0.37.jar;E:\mvnRespo\org\glassfish\jakarta.el\3.0.3\jakarta.el-3.0.3.jar;E:\mvnRespo\org\apache\tomcat\embed\tomcat-embed-websocket\9.0.37\tomcat-embed-websocket-9.0.37.jar;E:\mvnRespo\org\springframework\spring-web\5.2.8.RELEASE\s
Launcher Type: SUN_STANDARD

Environment Variables:
JAVA_HOME=D:\soft\java
CLASSPATH=.;E:\scala\bin;E:\scala\lib\dt.jar;E:\scala\lib\tools.jar.;
PATH=D:\soft\java\bin;D:\soft\java-jre\bin;D:\soft\python\Scripts\;D:\soft\python\;C:\Program Files (x86)\Common Files\NetSarang;D:\soft\oracle\product\11.2.0\dbhome_1\bin;C:\ProgramData\Oracle\Java\javapath;C:\WINDOWS\system32;C:\WINDOWS;C:\WINDOWS\System32\Wbem;C:\WINDOWS\System32\WindowsPowerShell\v1.0\;C:\Program Files (x86)\ATI Technologies\ATI.ACE\Core-Static;D:\soft\mysql\mysql-5.7.11-winx64\bin;D:\soft\svn\bin;D:\soft\apache-maven-3.1.0\bin;D:\php\php-7.0.5-Win32-VC14-x64\ext;D:\php\php-7.0.5-Win32-VC14-x64\session;D:\soft\nodejs\node_modules\npm;D:\soft\nodejs\node_global;F:\QQPCmgr\Desktop\gdal\release-1500-x64-gdal-2-1-3-mapserver-7-0-4\bin;D:\soft\memcached\memcached-amd64;E:\scala\bin;"E:\scala\bin;E:\scala\jre\bin;";F:\QQPCmgr\Desktop\java jar\hadoop\hadoop-2.8.2\bin;D:\soft\android\studio\bin;D:\soft\android\studio\gradle\gradle-2.14.1\bin;C:\Program Files\Git\cmd;C:\WINDOWS\System32\OpenSSH\;F:\elasticsearch-6.3.2;;D:\lua\ide\5.1;D:\lua\ide\5.1\clibs;D:\soft\nodejs\;C:\Users\zfor\AppData\Local\Microsoft\WindowsApps;;C:\Users\zfor\AppData\Local\Programs\Fiddler;C:\Users\zfor\AppData\Local\Microsoft\WindowsApps;C:\Users\zfor\AppData\Roaming\npm;D:\soft\webstorm\webstrom20202\WebStorm 2020.2\bin;
USERNAME=zfor
OS=Windows_NT
PROCESSOR_IDENTIFIER=Intel64 Family 6 Model 78 Stepping 3, GenuineIntel



---------------  S Y S T E M  ---------------

OS: Windows 10.0 , 64 bit Build 17134 (10.0.17134.1425)

CPU:total 4 (2 cores per cpu, 2 threads per core) family 6 model 78 stepping 3, cmov, cx8, fxsr, mmx, sse, sse2, sse3, ssse3, sse4.1, sse4.2, popcnt, avx, avx2, aes, clmul, erms, 3dnowpref, lzcnt, ht, tsc, tscinvbit, bmi1, bmi2, adx

Memory: 4k page, physical 8245152k(1542872k free), swap 17002304k(4567220k free)

vm_info: Java HotSpot(TM) 64-Bit Server VM (25.71-b15) for windows-amd64 JRE (1.8.0_71-b15), built on Dec 22 2015 18:15:55 by "java_re" with MS VC++ 10.0 (VS2010)

time: Thu Oct 01 10:41:24 2020
elapsed time: 11 seconds (0d 0h 0m 11s)

